#
# There is insufficient memory for the Java Runtime Environment to continue.
# Native memory allocation (mmap) failed to map 31981568 bytes for committing reserved memory.
# Possible reasons:
#   The system is out of physical RAM or swap space
#   In 32 bit mode, the process size limit was hit
# Possible solutions:
#   Reduce memory load on the system
#   Increase physical memory or swap space
#   Check if swap backing store is full
#   Use 64 bit Java on a 64 bit OS
#   Decrease Java heap size (-Xmx/-Xms)
#   Decrease number of Java threads
#   Decrease Java thread stack sizes (-Xss)
#   Set larger code cache with -XX:ReservedCodeCacheSize=
# This output file may be truncated or incomplete.
#
#  Out of Memory Error (os_linux.cpp:2627), pid=2651, tid=0x00007ff1e8efe700
#
# JRE version: OpenJDK Runtime Environment (8.0_112-b06) (build 1.8.0_112-release-b06)
# Java VM: OpenJDK 64-Bit Server VM (25.112-b06 mixed mode linux-amd64 compressed oops)
# Failed to write core dump. Core dumps have been disabled. To enable core dumping, try "ulimit -c unlimited" before starting Java again
#

---------------  T H R E A D  ---------------

Current thread (0x00007ff1f8077800):  VMThread [stack: 0x00007ff1e8dfe000,0x00007ff1e8eff000] [id=2660]

Stack: [0x00007ff1e8dfe000,0x00007ff1e8eff000],  sp=0x00007ff1e8efd4d0,  free space=1021k
Native frames: (J=compiled Java code, j=interpreted, Vv=VM code, C=native code)
V  [libjvm.so+0x9e465d]  VMError::report_and_die()+0x15d
V  [libjvm.so+0x4b6ada]  report_vm_out_of_memory(char const*, int, unsigned long, VMErrorType, char const*)+0x8a
V  [libjvm.so+0x84c860]  os::pd_commit_memory(char*, unsigned long, unsigned long, bool)+0xf0
V  [libjvm.so+0x84737f]  os::commit_memory(char*, unsigned long, unsigned long, bool)+0x1f
V  [libjvm.so+0x8bd3db]  PSVirtualSpace::expand_by(unsigned long)+0x5b
V  [libjvm.so+0x8ae1bb]  PSOldGen::expand_by(unsigned long) [clone .part.109]+0x1b
V  [libjvm.so+0x8ae37b]  PSOldGen::expand(unsigned long) [clone .part.111]+0xdb
V  [libjvm.so+0x8aec58]  PSOldGen::resize(unsigned long)+0x188
V  [libjvm.so+0x8b426c]  PSParallelCompact::invoke_no_policy(bool)+0x97c
V  [libjvm.so+0x8bb37d]  PSScavenge::invoke()+0x17d
V  [libjvm.so+0x86fcf3]  ParallelScavengeHeap::failed_mem_allocate(unsigned long)+0x63
V  [libjvm.so+0x9e6124]  VM_ParallelGCFailedAllocation::doit()+0x84
V  [libjvm.so+0x9ea537]  VM_Operation::evaluate()+0x47
V  [libjvm.so+0x9e8ff8]  VMThread::evaluate_operation(VM_Operation*)+0x2c8
V  [libjvm.so+0x9e9479]  VMThread::loop()+0x219
V  [libjvm.so+0x9e98c2]  VMThread::run()+0x72
V  [libjvm.so+0x849c82]  java_start(Thread*)+0xf2

VM_Operation (0x00007ff16ad7fd80): ParallelGCFailedAllocation, mode: safepoint, requested by thread 0x00007ff198020000


---------------  P R O C E S S  ---------------

Java Threads: ( => current thread )
  0x00007ff16c030800 JavaThread "pool-7-thread-4" [_thread_blocked, id=2893, stack(0x00007ff1d80a9000,0x00007ff1d81aa000)]
  0x00007ff16c025800 JavaThread "pool-7-thread-3" [_thread_blocked, id=2890, stack(0x00007ff16aa7f000,0x00007ff16ab80000)]
  0x00007ff16c020800 JavaThread "pool-7-thread-2" [_thread_blocked, id=2889, stack(0x00007ff16a87d000,0x00007ff16a97e000)]
  0x00007ff198020000 JavaThread "pool-11-thread-4" [_thread_blocked, id=2885, stack(0x00007ff16ac81000,0x00007ff16ad82000)]
  0x00007ff19801e800 JavaThread "pool-11-thread-3" [_thread_blocked, id=2884, stack(0x00007ff1d83ac000,0x00007ff1d84ad000)]
  0x00007ff170015000 JavaThread "pool-9-thread-4" [_thread_blocked, id=2883, stack(0x00007ff16b8c0000,0x00007ff16b9c1000)]
  0x00007ff170013800 JavaThread "pool-9-thread-3" [_thread_blocked, id=2882, stack(0x00007ff16bac2000,0x00007ff16bbc3000)]
  0x00007ff170012800 JavaThread "pool-9-thread-2" [_thread_blocked, id=2878, stack(0x00007ff16b584000,0x00007ff16b685000)]
  0x00007ff198019000 JavaThread "pool-12-thread-1" [_thread_blocked, id=2877, stack(0x00007ff16bdc5000,0x00007ff16bec6000)]
  0x00007ff16c01d800 JavaThread "pool-8-thread-1" [_thread_blocked, id=2876, stack(0x00007ff16b483000,0x00007ff16b584000)]
  0x00007ff170011800 JavaThread "pool-10-thread-1" [_thread_blocked, id=2875, stack(0x00007ff1d81aa000,0x00007ff1d82ab000)]
  0x00007ff198018800 JavaThread "pool-11-thread-1" [_thread_blocked, id=2874, stack(0x00007ff1d82ab000,0x00007ff1d83ac000)]
  0x00007ff16c01d000 JavaThread "pool-7-thread-1" [_thread_blocked, id=2873, stack(0x00007ff16b9c1000,0x00007ff16bac2000)]
  0x00007ff170010800 JavaThread "pool-9-thread-1" [_thread_blocked, id=2872, stack(0x00007ff16bcc4000,0x00007ff16bdc5000)]
  0x00007ff174005800 JavaThread "pool-6-thread-4" [_thread_blocked, id=2871, stack(0x00007ff16b6be000,0x00007ff16b7bf000)]
  0x00007ff180003800 JavaThread "pool-6-thread-3" [_thread_blocked, id=2870, stack(0x00007ff16b7bf000,0x00007ff16b8c0000)]
  0x00007ff178002800 JavaThread "pool-6-thread-2" [_thread_blocked, id=2869, stack(0x00007ff16b382000,0x00007ff16b483000)]
  0x00007ff17c005000 JavaThread "pool-6-thread-1" [_thread_blocked, id=2865, stack(0x00007ff1db222000,0x00007ff1db323000)]
  0x00007ff19c03e800 JavaThread "pool-4-thread-4" [_thread_blocked, id=2805, stack(0x00007ff1d84ad000,0x00007ff1d85ae000)]
  0x00007ff19c03b000 JavaThread "pool-4-thread-3" [_thread_blocked, id=2804, stack(0x00007ff1d85ae000,0x00007ff1d86af000)]
  0x00007ff19c03d000 JavaThread "pool-4-thread-2" [_thread_blocked, id=2803, stack(0x00007ff1d86af000,0x00007ff1d87b0000)]
  0x00007ff19c03c800 JavaThread "pool-4-thread-1" [_thread_blocked, id=2802, stack(0x00007ff1d87b0000,0x00007ff1d88b1000)]
  0x00007ff19c01d000 JavaThread "Cache update executor" [_thread_blocked, id=2801, stack(0x00007ff1d8eb1000,0x00007ff1d8fb2000)]
  0x00007ff19c013000 JavaThread "Asynchronous log dispatcher for DefaultDaemonConnection: socket connection from /127.0.0.1:40233 to /127.0.0.1:41664" [_thread_blocked, id=2798, stack(0x00007ff1db323000,0x00007ff1db424000)]
  0x00007ff1a8005800 JavaThread "Daemon worker Thread 2" [_thread_blocked, id=2796, stack(0x00007ff1db525000,0x00007ff1db626000)]
  0x00007ff1a800c000 JavaThread "Cancel handler" [_thread_blocked, id=2795, stack(0x00007ff1db826000,0x00007ff1db927000)]
  0x00007ff1a8008000 JavaThread "Handler for socket connection from /127.0.0.1:40233 to /127.0.0.1:41664" [_thread_in_native, id=2794, stack(0x00007ff1db424000,0x00007ff1db525000)]
  0x00007ff1a4013000 JavaThread "Daemon Thread 2" [_thread_blocked, id=2793, stack(0x00007ff1db927000,0x00007ff1dba28000)]
  0x00007ff1947cd800 JavaThread "File lock request listener" [_thread_in_native, id=2681, stack(0x00007ff1da56d000,0x00007ff1da66e000)]
  0x00007ff1f8d23800 JavaThread "pool-1-thread-1" [_thread_blocked, id=2678, stack(0x00007ff1db121000,0x00007ff1db222000)]
  0x00007ff1f8cc6800 JavaThread "Incoming local TCP Connector on port 40233" [_thread_in_native, id=2669, stack(0x00007ff1dbc2f000,0x00007ff1dbd30000)]
  0x00007ff1f80d1800 JavaThread "Service Thread" daemon [_thread_blocked, id=2667, stack(0x00007ff1e841f000,0x00007ff1e8520000)]
  0x00007ff1f80bc800 JavaThread "C1 CompilerThread2" daemon [_thread_blocked, id=2666, stack(0x00007ff1e8520000,0x00007ff1e8621000)]
  0x00007ff1f80ba800 JavaThread "C2 CompilerThread1" daemon [_thread_blocked, id=2665, stack(0x00007ff1e8621000,0x00007ff1e8722000)]
  0x00007ff1f80b7800 JavaThread "C2 CompilerThread0" daemon [_thread_blocked, id=2664, stack(0x00007ff1e8722000,0x00007ff1e8823000)]
  0x00007ff1f80b6800 JavaThread "Signal Dispatcher" daemon [_thread_blocked, id=2663, stack(0x00007ff1e8823000,0x00007ff1e8924000)]
  0x00007ff1f8083800 JavaThread "Finalizer" daemon [_thread_blocked, id=2662, stack(0x00007ff1e8bfc000,0x00007ff1e8cfd000)]
  0x00007ff1f807f000 JavaThread "Reference Handler" daemon [_thread_blocked, id=2661, stack(0x00007ff1e8cfd000,0x00007ff1e8dfe000)]
  0x00007ff1f800a000 JavaThread "main" [_thread_blocked, id=2655, stack(0x00007ff20177e000,0x00007ff20187f000)]

Other Threads:
=>0x00007ff1f8077800 VMThread [stack: 0x00007ff1e8dfe000,0x00007ff1e8eff000] [id=2660]
  0x00007ff1f80d4000 WatcherThread [stack: 0x00007ff1e831e000,0x00007ff1e841f000] [id=2668]

VM state:at safepoint (normal execution)

VM Mutex/Monitor currently owned by a thread:  ([mutex/lock_event])
[0x00007ff1f8005d40] ExpandHeap_lock - owner thread: 0x00007ff1f8077800
[0x00007ff1f80063c0] Threads_lock - owner thread: 0x00007ff1f8077800
[0x00007ff1f80068c0] Heap_lock - owner thread: 0x00007ff198020000

Heap:
 PSYoungGen      total 95232K, used 0K [0x00000000e0000000, 0x00000000e7580000, 0x0000000100000000)
  eden space 81408K, 0% used [0x00000000e0000000,0x00000000e0000000,0x00000000e4f80000)
  from space 13824K, 0% used [0x00000000e5d80000,0x00000000e5d80000,0x00000000e6b00000)
  to   space 14336K, 0% used [0x00000000e4f80000,0x00000000e4f80000,0x00000000e5d80000)
 ParOldGen       total 62464K, used 54486K [0x00000000a0000000, 0x00000000a3d00000, 0x00000000e0000000)
  object space 62464K, 87% used [0x00000000a0000000,0x00000000a35358b0,0x00000000a3d00000)
 Metaspace       used 62720K, capacity 64552K, committed 64816K, reserved 1105920K
  class space    used 8066K, capacity 8467K, committed 8496K, reserved 1048576K

Card table byte_map: [0x00007ff1fe30d000,0x00007ff1fe60e000] byte_map_base: 0x00007ff1fde0d000

Marking Bits: (ParMarkBitMap*) 0x00007ff200c4a340
 Begin Bits: [0x00007ff1e1000000, 0x00007ff1e2800000)
 End Bits:   [0x00007ff1e2800000, 0x00007ff1e4000000)

Polling page: 0x00007ff20189d000

CodeCache: size=245760Kb used=29950Kb max_used=29950Kb free=215809Kb
 bounds [0x00007ff1e9000000, 0x00007ff1ead70000, 0x00007ff1f8000000]
 total_blobs=9896 nmethods=9121 adapters=687
 compilation: enabled

Compilation events (10 events):
Event: 479.917 Thread 0x00007ff1f80bc800 nmethod 11254% 0x00007ff1ead3b750 code [0x00007ff1ead3b940, 0x00007ff1ead3c3d8]
Event: 479.917 Thread 0x00007ff1f80bc800 11220 %     3       com.android.dx.ssa.SCCP::simulateBlock @ 8 (54 bytes)
Event: 479.918 Thread 0x00007ff1f80bc800 nmethod 11220% 0x00007ff1ead3a710 code [0x00007ff1ead3a900, 0x00007ff1ead3b398]
Event: 479.918 Thread 0x00007ff1f80bc800 11227 %     3       com.android.dx.ssa.SsaBasicBlock::newFromRop @ 58 (183 bytes)
Event: 479.920 Thread 0x00007ff1f80bc800 nmethod 11227% 0x00007ff1ead37510 code [0x00007ff1ead37820, 0x00007ff1ead397c8]
Event: 479.920 Thread 0x00007ff1f80bc800 11221 %     3       com.android.dx.rop.code.LocalVariableExtractor::processBlock @ 68 (327 bytes)
Event: 479.924 Thread 0x00007ff1f80bc800 nmethod 11221% 0x00007ff1ead30c50 code [0x00007ff1ead31100, 0x00007ff1ead34ed8]
Event: 479.924 Thread 0x00007ff1f80bc800 11255 %     3       com.android.dx.ssa.back.SsaToRop::convertInsns @ 17 (53 bytes)
Event: 479.946 Thread 0x00007ff1f80bc800 nmethod 11255% 0x00007ff1ead67690 code [0x00007ff1ead67900, 0x00007ff1ead68ae8]
Event: 479.946 Thread 0x00007ff1f80bc800 11276 %     3       com.android.dx.ssa.Dominators::compress @ 55 (229 bytes)

GC Heap History (10 events):
Event: 244.237 GC heap after
Heap after GC invocations=29 (full 3):
 PSYoungGen      total 81920K, used 8685K [0x00000000e0000000, 0x00000000e6880000, 0x0000000100000000)
  eden space 73216K, 0% used [0x00000000e0000000,0x00000000e0000000,0x00000000e4780000)
  from space 8704K, 99% used [0x00000000e6000000,0x00000000e687b6d0,0x00000000e6880000)
  to   space 11264K, 0% used [0x00000000e5280000,0x00000000e5280000,0x00000000e5d80000)
 ParOldGen       total 62464K, used 33942K [0x00000000a0000000, 0x00000000a3d00000, 0x00000000e0000000)
  object space 62464K, 54% used [0x00000000a0000000,0x00000000a2125940,0x00000000a3d00000)
 Metaspace       used 58854K, capacity 60602K, committed 60848K, reserved 1101824K
  class space    used 7709K, capacity 8062K, committed 8112K, reserved 1048576K
}
Event: 387.790 GC heap before
{Heap before GC invocations=30 (full 3):
 PSYoungGen      total 81920K, used 81901K [0x00000000e0000000, 0x00000000e6880000, 0x0000000100000000)
  eden space 73216K, 100% used [0x00000000e0000000,0x00000000e4780000,0x00000000e4780000)
  from space 8704K, 99% used [0x00000000e6000000,0x00000000e687b6d0,0x00000000e6880000)
  to   space 11264K, 0% used [0x00000000e5280000,0x00000000e5280000,0x00000000e5d80000)
 ParOldGen       total 62464K, used 33946K [0x00000000a0000000, 0x00000000a3d00000, 0x00000000e0000000)
  object space 62464K, 54% used [0x00000000a0000000,0x00000000a2126950,0x00000000a3d00000)
 Metaspace       used 60051K, capacity 61754K, committed 62000K, reserved 1103872K
  class space    used 7810K, capacity 8190K, committed 8240K, reserved 1048576K
Event: 389.453 GC heap after
Heap after GC invocations=30 (full 3):
 PSYoungGen      total 74752K, used 4087K [0x00000000e0000000, 0x00000000e6080000, 0x0000000100000000)
  eden space 70656K, 0% used [0x00000000e0000000,0x00000000e0000000,0x00000000e4500000)
  from space 4096K, 99% used [0x00000000e5280000,0x00000000e567de30,0x00000000e5680000)
  to   space 10240K, 0% used [0x00000000e5680000,0x00000000e5680000,0x00000000e6080000)
 ParOldGen       total 62464K, used 41487K [0x00000000a0000000, 0x00000000a3d00000, 0x00000000e0000000)
  object space 62464K, 66% used [0x00000000a0000000,0x00000000a2883ca0,0x00000000a3d00000)
 Metaspace       used 60051K, capacity 61754K, committed 62000K, reserved 1103872K
  class space    used 7810K, capacity 8190K, committed 8240K, reserved 1048576K
}
Event: 456.626 GC heap before
{Heap before GC invocations=31 (full 3):
 PSYoungGen      total 74752K, used 74743K [0x00000000e0000000, 0x00000000e6080000, 0x0000000100000000)
  eden space 70656K, 100% used [0x00000000e0000000,0x00000000e4500000,0x00000000e4500000)
  from space 4096K, 99% used [0x00000000e5280000,0x00000000e567de30,0x00000000e5680000)
  to   space 10240K, 0% used [0x00000000e5680000,0x00000000e5680000,0x00000000e6080000)
 ParOldGen       total 62464K, used 41499K [0x00000000a0000000, 0x00000000a3d00000, 0x00000000e0000000)
  object space 62464K, 66% used [0x00000000a0000000,0x00000000a2886d40,0x00000000a3d00000)
 Metaspace       used 60210K, capacity 62034K, committed 62256K, reserved 1103872K
  class space    used 7831K, capacity 8232K, committed 8240K, reserved 1048576K
Event: 456.690 GC heap after
Heap after GC invocations=31 (full 3):
 PSYoungGen      total 71680K, used 3376K [0x00000000e0000000, 0x00000000e5a00000, 0x0000000100000000)
  eden space 68096K, 0% used [0x00000000e0000000,0x00000000e0000000,0x00000000e4280000)
  from space 3584K, 94% used [0x00000000e5680000,0x00000000e59cc168,0x00000000e5a00000)
  to   space 10752K, 0% used [0x00000000e4500000,0x00000000e4500000,0x00000000e4f80000)
 ParOldGen       total 62464K, used 44223K [0x00000000a0000000, 0x00000000a3d00000, 0x00000000e0000000)
  object space 62464K, 70% used [0x00000000a0000000,0x00000000a2b2fc60,0x00000000a3d00000)
 Metaspace       used 60210K, capacity 62034K, committed 62256K, reserved 1103872K
  class space    used 7831K, capacity 8232K, committed 8240K, reserved 1048576K
}
Event: 475.888 GC heap before
{Heap before GC invocations=32 (full 3):
 PSYoungGen      total 71680K, used 71472K [0x00000000e0000000, 0x00000000e5a00000, 0x0000000100000000)
  eden space 68096K, 100% used [0x00000000e0000000,0x00000000e4280000,0x00000000e4280000)
  from space 3584K, 94% used [0x00000000e5680000,0x00000000e59cc168,0x00000000e5a00000)
  to   space 10752K, 0% used [0x00000000e4500000,0x00000000e4500000,0x00000000e4f80000)
 ParOldGen       total 62464K, used 44223K [0x00000000a0000000, 0x00000000a3d00000, 0x00000000e0000000)
  object space 62464K, 70% used [0x00000000a0000000,0x00000000a2b2fc60,0x00000000a3d00000)
 Metaspace       used 62688K, capacity 64548K, committed 64816K, reserved 1105920K
  class space    used 8071K, capacity 8477K, committed 8496K, reserved 1048576K
Event: 476.362 GC heap after
Heap after GC invocations=32 (full 3):
 PSYoungGen      total 81408K, used 10721K [0x00000000e0000000, 0x00000000e6b00000, 0x0000000100000000)
  eden space 70656K, 0% used [0x00000000e0000000,0x00000000e0000000,0x00000000e4500000)
  from space 10752K, 99% used [0x00000000e4500000,0x00000000e4f78610,0x00000000e4f80000)
  to   space 13824K, 0% used [0x00000000e5d80000,0x00000000e5d80000,0x00000000e6b00000)
 ParOldGen       total 62464K, used 47855K [0x00000000a0000000, 0x00000000a3d00000, 0x00000000e0000000)
  object space 62464K, 76% used [0x00000000a0000000,0x00000000a2ebbc68,0x00000000a3d00000)
 Metaspace       used 62688K, capacity 64548K, committed 64816K, reserved 1105920K
  class space    used 8071K, capacity 8477K, committed 8496K, reserved 1048576K
}
Event: 479.947 GC heap before
{Heap before GC invocations=33 (full 3):
 PSYoungGen      total 81408K, used 81377K [0x00000000e0000000, 0x00000000e6b00000, 0x0000000100000000)
  eden space 70656K, 100% used [0x00000000e0000000,0x00000000e4500000,0x00000000e4500000)
  from space 10752K, 99% used [0x00000000e4500000,0x00000000e4f78610,0x00000000e4f80000)
  to   space 13824K, 0% used [0x00000000e5d80000,0x00000000e5d80000,0x00000000e6b00000)
 ParOldGen       total 62464K, used 47855K [0x00000000a0000000, 0x00000000a3d00000, 0x00000000e0000000)
  object space 62464K, 76% used [0x00000000a0000000,0x00000000a2ebbc68,0x00000000a3d00000)
 Metaspace       used 62738K, capacity 64612K, committed 64816K, reserved 1105920K
  class space    used 8071K, capacity 8477K, committed 8496K, reserved 1048576K
Event: 483.535 GC heap after
Heap after GC invocations=33 (full 3):
 PSYoungGen      total 95232K, used 9434K [0x00000000e0000000, 0x00000000e7580000, 0x0000000100000000)
  eden space 81408K, 0% used [0x00000000e0000000,0x00000000e0000000,0x00000000e4f80000)
  from space 13824K, 68% used [0x00000000e5d80000,0x00000000e66b6bc0,0x00000000e6b00000)
  to   space 14336K, 0% used [0x00000000e4f80000,0x00000000e4f80000,0x00000000e5d80000)
 ParOldGen       total 62464K, used 57882K [0x00000000a0000000, 0x00000000a3d00000, 0x00000000e0000000)
  object space 62464K, 92% used [0x00000000a0000000,0x00000000a3886918,0x00000000a3d00000)
 Metaspace       used 62738K, capacity 64612K, committed 64816K, reserved 1105920K
  class space    used 8071K, capacity 8477K, committed 8496K, reserved 1048576K
}
Event: 485.312 GC heap before
{Heap before GC invocations=34 (full 4):
 PSYoungGen      total 95232K, used 9434K [0x00000000e0000000, 0x00000000e7580000, 0x0000000100000000)
  eden space 81408K, 0% used [0x00000000e0000000,0x00000000e0000000,0x00000000e4f80000)
  from space 13824K, 68% used [0x00000000e5d80000,0x00000000e66b6bc0,0x00000000e6b00000)
  to   space 14336K, 0% used [0x00000000e4f80000,0x00000000e4f80000,0x00000000e5d80000)
 ParOldGen       total 62464K, used 57882K [0x00000000a0000000, 0x00000000a3d00000, 0x00000000e0000000)
  object space 62464K, 92% used [0x00000000a0000000,0x00000000a3886918,0x00000000a3d00000)
 Metaspace       used 62738K, capacity 64612K, committed 64816K, reserved 1105920K
  class space    used 8071K, capacity 8477K, committed 8496K, reserved 1048576K

Deoptimization events (10 events):
Event: 474.601 Thread 0x00007ff170012800 Uncommon trap: reason=class_check action=maybe_recompile pc=0x00007ff1e9aa12dc method=com.android.dx.ssa.NormalSsaInsn.accept(Lcom/android/dx/ssa/SsaInsn$Visitor;)V @ 9
Event: 474.601 Thread 0x00007ff170012800 Uncommon trap: reason=class_check action=maybe_recompile pc=0x00007ff1e9aa12dc method=com.android.dx.ssa.NormalSsaInsn.accept(Lcom/android/dx/ssa/SsaInsn$Visitor;)V @ 9
Event: 474.601 Thread 0x00007ff170012800 Uncommon trap: reason=class_check action=maybe_recompile pc=0x00007ff1e9aa12dc method=com.android.dx.ssa.NormalSsaInsn.accept(Lcom/android/dx/ssa/SsaInsn$Visitor;)V @ 9
Event: 474.612 Thread 0x00007ff170012800 Uncommon trap: reason=unstable_if action=reinterpret pc=0x00007ff1e969dc1c method=java.util.concurrent.ConcurrentHashMap.addCount(JI)V @ 110
Event: 475.825 Thread 0x00007ff170015000 Uncommon trap: reason=null_check action=make_not_entrant pc=0x00007ff1e9b02e04 method=com.android.dx.ssa.SsaRenamer.getLocalForNewReg(I)Lcom/android/dx/rop/code/LocalItem; @ 19
Event: 475.825 Thread 0x00007ff170010800 Uncommon trap: reason=null_check action=make_not_entrant pc=0x00007ff1e9b02e04 method=com.android.dx.ssa.SsaRenamer.getLocalForNewReg(I)Lcom/android/dx/rop/code/LocalItem; @ 19
Event: 475.825 Thread 0x00007ff178002800 Uncommon trap: reason=unstable_if action=reinterpret pc=0x00007ff1ea8647a8 method=java.util.concurrent.locks.AbstractQueuedSynchronizer.acquireQueued(Ljava/util/concurrent/locks/AbstractQueuedSynchronizer$Node;I)Z @ 17
Event: 475.825 Thread 0x00007ff170010800 Uncommon trap: reason=null_check action=make_not_entrant pc=0x00007ff1e9aa15ec method=com.android.dx.ssa.SsaRenamer.getLocalForNewReg(I)Lcom/android/dx/rop/code/LocalItem; @ 19
Event: 476.370 Thread 0x00007ff170010800 Uncommon trap: reason=unstable_if action=reinterpret pc=0x00007ff1e969a91c method=com.android.dx.rop.cst.Constant.compareTo(Lcom/android/dx/rop/cst/Constant;)I @ 12
Event: 479.845 Thread 0x00007ff198020000 Uncommon trap: reason=unstable_if action=reinterpret pc=0x00007ff1eaca3220 method=com.android.dx.rop.code.RegisterSpec.equals(ILcom/android/dx/rop/type/TypeBearer;Lcom/android/dx/rop/code/LocalItem;)Z @ 42

Internal exceptions (10 events):
Event: 198.801 Thread 0x00007ff1a8005800 Implicit null exception at 0x00007ff1e9f9a057 to 0x00007ff1e9f9a1a3
Event: 201.912 Thread 0x00007ff1a8005800 Implicit null exception at 0x00007ff1ea71bc24 to 0x00007ff1ea719f29
Event: 201.912 Thread 0x00007ff1a8005800 Implicit null exception at 0x00007ff1ea71bc24 to 0x00007ff1ea719f29
Event: 201.923 Thread 0x00007ff1a8005800 Implicit null exception at 0x00007ff1ea71bc24 to 0x00007ff1ea719f29
Event: 203.432 Thread 0x00007ff1a8005800 Exception <a 'java/lang/NoSuchMethodError': java.lang.Object.lambda$negate$1(Ljava/lang/Object;)Z> (0x00000000e103aa30) thrown at [/ssd/Android/AOSP-openjdk/external/jetbrains/jdk/hotspot/src/share/vm/interpreter/linkResolver.cpp, line 582]
Event: 242.199 Thread 0x00007ff1a8005800 Implicit null exception at 0x00007ff1ea93108c to 0x00007ff1ea933f35
Event: 244.240 Thread 0x00007ff1a8005800 Implicit null exception at 0x00007ff1ea8df6c3 to 0x00007ff1ea8dfdb5
Event: 475.736 Thread 0x00007ff170010800 Implicit null exception at 0x00007ff1e9b01f1c to 0x00007ff1e9b02db9
Event: 475.739 Thread 0x00007ff170015000 Implicit null exception at 0x00007ff1e9b01f1c to 0x00007ff1e9b02db9
Event: 475.825 Thread 0x00007ff170010800 Implicit null exception at 0x00007ff1e9aa0a18 to 0x00007ff1e9aa15c9

Events (10 events):
Event: 479.882 Thread 0x00007ff198018800 DEOPT PACKING pc=0x00007ff1eacf8234 sp=0x00007ff1d83aa2a0
Event: 479.882 Thread 0x00007ff198018800 DEOPT UNPACKING pc=0x00007ff1e9047373 sp=0x00007ff1d83aa058 mode 0
Event: 479.885 Thread 0x00007ff198018800 DEOPT PACKING pc=0x00007ff1eac56424 sp=0x00007ff1d83a9f70
Event: 479.885 Thread 0x00007ff198018800 DEOPT UNPACKING pc=0x00007ff1e9047373 sp=0x00007ff1d83a9cb8 mode 0
Event: 479.902 Thread 0x00007ff198018800 DEOPT PACKING pc=0x00007ff1eac56424 sp=0x00007ff1d83a9fa0
Event: 479.902 Thread 0x00007ff198018800 DEOPT UNPACKING pc=0x00007ff1e9047373 sp=0x00007ff1d83a9ce8 mode 0
Event: 479.924 Executing VM operation: RevokeBias
Event: 479.945 Executing VM operation: RevokeBias done
Event: 479.945 Thread 0x00007ff19801d800 Thread exited: 0x00007ff19801d800
Event: 479.947 Executing VM operation: ParallelGCFailedAllocation


Dynamic libraries:
00400000-00401000 r-xp 00000000 08:01 16520510                           /home/l/Downloads/android-studio/jre/bin/java
00600000-00601000 r--p 00000000 08:01 16520510                           /home/l/Downloads/android-studio/jre/bin/java
00601000-00602000 rw-p 00001000 08:01 16520510                           /home/l/Downloads/android-studio/jre/bin/java
0133e000-0135f000 rw-p 00000000 00:00 0                                  [heap]
a0000000-a3d00000 rw-p 00000000 00:00 0 
a5b80000-e0000000 ---p 00000000 00:00 0 
e0000000-e7580000 rw-p 00000000 00:00 0 
e7580000-100000000 ---p 00000000 00:00 0 
100000000-10084c000 rw-p 00000000 00:00 0 
10084c000-140000000 ---p 00000000 00:00 0 
7ff164000000-7ff16403c000 rw-p 00000000 00:00 0 
7ff16403c000-7ff168000000 ---p 00000000 00:00 0 
7ff16a67d000-7ff16a77d000 rw-p 00000000 00:00 0 
7ff16a77d000-7ff16a87d000 ---p 00000000 00:00 0 
7ff16a87d000-7ff16a880000 ---p 00000000 00:00 0 
7ff16a880000-7ff16a97e000 rw-p 00000000 00:00 0 
7ff16a97e000-7ff16a981000 ---p 00000000 00:00 0 
7ff16a981000-7ff16aa7f000 rw-p 00000000 00:00 0 
7ff16aa7f000-7ff16aa82000 ---p 00000000 00:00 0 
7ff16aa82000-7ff16ab80000 rw-p 00000000 00:00 0 
7ff16ab80000-7ff16ab83000 ---p 00000000 00:00 0 
7ff16ab83000-7ff16ac81000 rw-p 00000000 00:00 0 
7ff16ac81000-7ff16ac84000 ---p 00000000 00:00 0 
7ff16ac84000-7ff16af82000 rw-p 00000000 00:00 0 
7ff16af82000-7ff16b182000 rw-p 00000000 00:00 0 
7ff16b182000-7ff16b382000 rw-p 00000000 00:00 0 
7ff16b382000-7ff16b385000 ---p 00000000 00:00 0 
7ff16b385000-7ff16b483000 rw-p 00000000 00:00 0 
7ff16b483000-7ff16b486000 ---p 00000000 00:00 0 
7ff16b486000-7ff16b584000 rw-p 00000000 00:00 0 
7ff16b584000-7ff16b587000 ---p 00000000 00:00 0 
7ff16b587000-7ff16b685000 rw-p 00000000 00:00 0 
7ff16b685000-7ff16b688000 ---p 00000000 00:00 0 
7ff16b688000-7ff16b6be000 rw-p 00000000 00:00 0 
7ff16b6be000-7ff16b6c1000 ---p 00000000 00:00 0 
7ff16b6c1000-7ff16b7bf000 rw-p 00000000 00:00 0 
7ff16b7bf000-7ff16b7c2000 ---p 00000000 00:00 0 
7ff16b7c2000-7ff16b8c0000 rw-p 00000000 00:00 0 
7ff16b8c0000-7ff16b8c3000 ---p 00000000 00:00 0 
7ff16b8c3000-7ff16b9c1000 rw-p 00000000 00:00 0 
7ff16b9c1000-7ff16b9c4000 ---p 00000000 00:00 0 
7ff16b9c4000-7ff16bac2000 rw-p 00000000 00:00 0 
7ff16bac2000-7ff16bac5000 ---p 00000000 00:00 0 
7ff16bac5000-7ff16bbc3000 rw-p 00000000 00:00 0 
7ff16bbc3000-7ff16bbc6000 ---p 00000000 00:00 0 
7ff16bbc6000-7ff16bcc4000 rw-p 00000000 00:00 0 
7ff16bcc4000-7ff16bcc7000 ---p 00000000 00:00 0 
7ff16bcc7000-7ff16bdc5000 rw-p 00000000 00:00 0 
7ff16bdc5000-7ff16bdc8000 ---p 00000000 00:00 0 
7ff16bdc8000-7ff16bec6000 rw-p 00000000 00:00 0 
7ff16bec6000-7ff16bec9000 ---p 00000000 00:00 0 
7ff16bec9000-7ff16beff000 rw-p 00000000 00:00 0 
7ff16beff000-7ff16bf02000 ---p 00000000 00:00 0 
7ff16bf02000-7ff16c000000 rw-p 00000000 00:00 0 
7ff16c000000-7ff16c034000 rw-p 00000000 00:00 0 
7ff16c034000-7ff170000000 ---p 00000000 00:00 0 
7ff170000000-7ff17002a000 rw-p 00000000 00:00 0 
7ff17002a000-7ff174000000 ---p 00000000 00:00 0 
7ff174000000-7ff174021000 rw-p 00000000 00:00 0 
7ff174021000-7ff178000000 ---p 00000000 00:00 0 
7ff178000000-7ff178021000 rw-p 00000000 00:00 0 
7ff178021000-7ff17c000000 ---p 00000000 00:00 0 
7ff17c000000-7ff17c021000 rw-p 00000000 00:00 0 
7ff17c021000-7ff180000000 ---p 00000000 00:00 0 
7ff180000000-7ff180021000 rw-p 00000000 00:00 0 
7ff180021000-7ff184000000 ---p 00000000 00:00 0 
7ff184000000-7ff184021000 rw-p 00000000 00:00 0 
7ff184021000-7ff188000000 ---p 00000000 00:00 0 
7ff188000000-7ff188021000 rw-p 00000000 00:00 0 
7ff188021000-7ff18c000000 ---p 00000000 00:00 0 
7ff18c000000-7ff18c021000 rw-p 00000000 00:00 0 
7ff18c021000-7ff190000000 ---p 00000000 00:00 0 
7ff190000000-7ff190021000 rw-p 00000000 00:00 0 
7ff190021000-7ff194000000 ---p 00000000 00:00 0 
7ff194000000-7ff194ff2000 rw-p 00000000 00:00 0 
7ff194ff2000-7ff198000000 ---p 00000000 00:00 0 
7ff198000000-7ff19802a000 rw-p 00000000 00:00 0 
7ff19802a000-7ff19c000000 ---p 00000000 00:00 0 
7ff19c000000-7ff19c2f3000 rw-p 00000000 00:00 0 
7ff19c2f3000-7ff1a0000000 ---p 00000000 00:00 0 
7ff1a0000000-7ff1a0021000 rw-p 00000000 00:00 0 
7ff1a0021000-7ff1a4000000 ---p 00000000 00:00 0 
7ff1a4000000-7ff1a4073000 rw-p 00000000 00:00 0 
7ff1a4073000-7ff1a8000000 ---p 00000000 00:00 0 
7ff1a8000000-7ff1a8021000 rw-p 00000000 00:00 0 
7ff1a8021000-7ff1ac000000 ---p 00000000 00:00 0 
7ff1ac000000-7ff1ac021000 rw-p 00000000 00:00 0 
7ff1ac021000-7ff1b0000000 ---p 00000000 00:00 0 
7ff1b0000000-7ff1b0021000 rw-p 00000000 00:00 0 
7ff1b0021000-7ff1b4000000 ---p 00000000 00:00 0 
7ff1b4000000-7ff1b6b0c000 rw-p 00000000 00:00 0 
7ff1b6b0c000-7ff1b8000000 ---p 00000000 00:00 0 
7ff1b8000000-7ff1b8b40000 rw-p 00000000 00:00 0 
7ff1b8b40000-7ff1bc000000 ---p 00000000 00:00 0 
7ff1bc000000-7ff1bc021000 rw-p 00000000 00:00 0 
7ff1bc021000-7ff1c0000000 ---p 00000000 00:00 0 
7ff1c0000000-7ff1c21dc000 rw-p 00000000 00:00 0 
7ff1c21dc000-7ff1c4000000 ---p 00000000 00:00 0 
7ff1c4000000-7ff1c4021000 rw-p 00000000 00:00 0 
7ff1c4021000-7ff1c8000000 ---p 00000000 00:00 0 
7ff1c8000000-7ff1c8021000 rw-p 00000000 00:00 0 
7ff1c8021000-7ff1cc000000 ---p 00000000 00:00 0 
7ff1cc000000-7ff1cc02a000 rw-p 00000000 00:00 0 
7ff1cc02a000-7ff1d0000000 ---p 00000000 00:00 0 
7ff1d0000000-7ff1d03d0000 rw-p 00000000 00:00 0 
7ff1d03d0000-7ff1d4000000 ---p 00000000 00:00 0 
7ff1d4000000-7ff1d4064000 rw-p 00000000 00:00 0 
7ff1d4064000-7ff1d8000000 ---p 00000000 00:00 0 
7ff1d8034000-7ff1d8036000 r--s 00017000 08:01 21236535                   /home/l/.android/build-cache/5d8a7bebaeb04e5f0656ab5336501856222769fe/output/jars/classes.jar
7ff1d8037000-7ff1d803a000 ---p 00000000 00:00 0 
7ff1d803a000-7ff1d8070000 rw-p 00000000 00:00 0 
7ff1d8070000-7ff1d8073000 ---p 00000000 00:00 0 
7ff1d8073000-7ff1d80a9000 rw-p 00000000 00:00 0 
7ff1d80a9000-7ff1d80ac000 ---p 00000000 00:00 0 
7ff1d80ac000-7ff1d81aa000 rw-p 00000000 00:00 0 
7ff1d81aa000-7ff1d81ad000 ---p 00000000 00:00 0 
7ff1d81ad000-7ff1d82ab000 rw-p 00000000 00:00 0 
7ff1d82ab000-7ff1d82ae000 ---p 00000000 00:00 0 
7ff1d82ae000-7ff1d83ac000 rw-p 00000000 00:00 0 
7ff1d83ac000-7ff1d83af000 ---p 00000000 00:00 0 
7ff1d83af000-7ff1d84ad000 rw-p 00000000 00:00 0 
7ff1d84ad000-7ff1d84b0000 ---p 00000000 00:00 0 
7ff1d84b0000-7ff1d85ae000 rw-p 00000000 00:00 0 
7ff1d85ae000-7ff1d85b1000 ---p 00000000 00:00 0 
7ff1d85b1000-7ff1d86af000 rw-p 00000000 00:00 0 
7ff1d86af000-7ff1d86b2000 ---p 00000000 00:00 0 
7ff1d86b2000-7ff1d87b0000 rw-p 00000000 00:00 0 
7ff1d87b0000-7ff1d87b3000 ---p 00000000 00:00 0 
7ff1d87b3000-7ff1d8ab1000 rw-p 00000000 00:00 0 
7ff1d8ab1000-7ff1d8cb1000 rw-p 00000000 00:00 0 
7ff1d8cb1000-7ff1d8eb1000 rw-p 00000000 00:00 0 
7ff1d8eb1000-7ff1d8eb4000 ---p 00000000 00:00 0 
7ff1d8eb4000-7ff1d91b2000 rw-p 00000000 00:00 0 
7ff1d91b2000-7ff1d93b2000 rw-p 00000000 00:00 0 
7ff1d93b2000-7ff1d95b2000 rw-p 00000000 00:00 0 
7ff1d95b2000-7ff1d97b2000 rw-p 00000000 00:00 0 
7ff1d97b2000-7ff1d97c5000 r--s 00344000 08:01 16788152                   /home/l/Downloads/android-studio/jre/jre/lib/resources.jar
7ff1d97c5000-7ff1d99c5000 rw-p 00000000 00:00 0 
7ff1d99c5000-7ff1d9bc5000 rw-p 00000000 00:00 0 
7ff1d9bc5000-7ff1d9dc5000 rw-p 00000000 00:00 0 
7ff1d9dc5000-7ff1d9fc5000 rw-p 00000000 00:00 0 
7ff1d9fc5000-7ff1d9fc6000 r--s 00001000 08:01 19402362                   /home/l/.gradle/caches/jars-2/cmhx5eetujk7j30d3nllwxyrlnugzjw/annotations-25.3.3.jar
7ff1d9fc6000-7ff1d9fce000 r--s 000a8000 08:01 19402360                   /home/l/.gradle/caches/jars-2/lp0h431tl0554nh1vx6zomcvteflkp/lombok-ast-0.2.3.jar
7ff1d9fce000-7ff1d9fe2000 r--s 000b4000 08:01 19402358                   /home/l/.gradle/caches/jars-2/hgvw6szzawm3evod5l2d6iutfug31w0/uast-162.2228.14.jar
7ff1d9fe2000-7ff1d9fe4000 r--s 0000d000 08:01 19402356                   /home/l/.gradle/caches/jars-2/7pwz1bowgakb1eux9ezb56jlturgsyi/commons-codec-1.4.jar
7ff1d9fe4000-7ff1d9fe6000 r--s 0000d000 08:01 19402354                   /home/l/.gradle/caches/jars-2/9dj1m0eyooi5qt13735vz8fpkl3cnfy/commons-logging-1.1.1.jar
7ff1d9fe6000-7ff1d9feb000 r--s 00028000 08:01 19402352                   /home/l/.gradle/caches/jars-2/62lv0fe9b3xbqe57f6ljy5upwi7mf6k/httpcore-4.1.jar
7ff1d9feb000-7ff1d9fef000 r--s 0002f000 08:01 19272155                   /home/l/.gradle/caches/jars-2/gsg5n52frsvw6sx0swqqe2hwijwdcf0/jimfs-1.1.jar
7ff1d9fef000-7ff1d9ff0000 r--s 00004000 08:01 19272153                   /home/l/.gradle/caches/jars-2/lxs252id0979odjrerlctkb26c2vj95/annotations-12.0.jar
7ff1d9ff0000-7ff1d9ff1000 r--s 00004000 08:01 19272151                   /home/l/.gradle/caches/jars-2/9kn99dr0rulyl67sct1ephwcop56l61/asm-analysis-5.0.4.jar
7ff1d9ff1000-7ff1d9ff5000 r--s 00040000 08:01 19272149                   /home/l/.gradle/caches/jars-2/ccvn7yglm4blceovs70fngoac1eyn4f/lint-api-25.3.3.jar
7ff1d9ff5000-7ff1d9ff6000 r--s 0000a000 08:01 19272147                   /home/l/.gradle/caches/jars-2/nwyg9io65lv6jvmwit2wq82xnnxd7ia/kxml2-2.3.0.jar
7ff1d9ff6000-7ff1d9ff8000 r--s 00005000 08:01 19272145                   /home/l/.gradle/caches/jars-2/i6hc1uuj8e9ck59slmzdyz78ydn8sr6/httpmime-4.1.jar
7ff1d9ff8000-7ff1da000000 r--s 0004e000 08:01 19272143                   /home/l/.gradle/caches/jars-2/7503wa5irssz0xxahv1xb82p2dl7rr2/httpclient-4.1.1.jar
7ff1da000000-7ff1da007000 r--s 00053000 08:01 19272141                   /home/l/.gradle/caches/jars-2/jgkfvs4eqggj7qsyw1f5d3up57hanj1/commons-compress-1.8.1.jar
7ff1da007000-7ff1da00c000 r--s 0002a000 08:01 19146134                   /home/l/.gradle/caches/jars-2/je8f027qcr1z1egw08byp1ybxbp9kko/gson-2.2.4.jar
7ff1da00c000-7ff1da011000 r--s 0002e000 08:01 19146132                   /home/l/.gradle/caches/jars-2/s427p2wh0tfza0xa8qijgx107eeevyl/repository-25.3.3.jar
7ff1da011000-7ff1da013000 r--s 00006000 08:01 19146130                   /home/l/.gradle/caches/jars-2/e2s952s6co8tps89l80r4riixwqo2oe/dvlib-25.3.3.jar
7ff1da013000-7ff1da015000 r--s 00013000 08:01 19146128                   /home/l/.gradle/caches/jars-2/s02k517nvrh8cbp2c8dz4slqska6dj9/layoutlib-api-25.3.3.jar
7ff1da015000-7ff1da01a000 r--s 00058000 08:01 19146126                   /home/l/.gradle/caches/jars-2/st159835qgxm0l87oqrnhayxos4lc1n/asm-debug-all-5.0.1.jar
7ff1da01a000-7ff1da02a000 r--s 000d5000 08:01 19146124                   /home/l/.gradle/caches/jars-2/qzf32gp9kej4w4hlbabft6tplu74cj3/proguard-base-5.3.2.jar
7ff1da02a000-7ff1da02d000 r--s 00033000 08:01 19146122                   /home/l/.gradle/caches/jars-2/nz9sndmr8b4xbj4xulkaciy5kdbyfiz/juniversalchardet-1.0.3.jar
7ff1da02d000-7ff1da031000 r--s 0002a000 08:01 19146120                   /home/l/.gradle/caches/jars-2/krbpn9xjn1qymukyx8cc5l799ty1v3h/commons-io-2.4.jar
7ff1da031000-7ff1da048000 r--s 00154000 08:01 19010934                   /home/l/.gradle/caches/jars-2/sfeivjswzitn6n0fnjx3ueszz8gv8o1/antlr4-4.5.3.jar
7ff1da048000-7ff1da04a000 r--s 00002000 08:01 19010932                   /home/l/.gradle/caches/jars-2/rh2ip1x2zziz26tr3qzudtz088pqsb2/baseLibrary-2.3.3.jar
7ff1da04a000-7ff1da075000 r--s 001fc000 08:01 19010930                   /home/l/.gradle/caches/jars-2/nxjrjftly2xksl8o0wqgivu5netfu2x/guava-18.0.jar
7ff1da075000-7ff1da088000 r--s 00241000 08:01 19010928                   /home/l/.gradle/caches/jars-2/9yuekvg4qerfitq3xec0iyckuw3hwaq/ecj-4.6.1.jar
7ff1da088000-7ff1da08f000 r--s 000d9000 08:01 19010926                   /home/l/.gradle/caches/jars-2/ak89aa8liqmr44u7r08njntn6oehe0z/lint-checks-25.3.3.jar
7ff1da08f000-7ff1da091000 r--s 00006000 08:01 19010924                   /home/l/.gradle/caches/jars-2/6phgj9ki3jl3p5epzkqoo8pr6kur40b/asm-tree-5.0.4.jar
7ff1da091000-7ff1da0c4000 r--s 00203000 08:01 19010922                   /home/l/.gradle/caches/jars-2/hj0bfvxu9cq7hkwmecvp0kg137or3hh/bcprov-jdk15on-1.48.jar
7ff1da0c4000-7ff1da0d2000 r--s 00081000 08:01 19010920                   /home/l/.gradle/caches/jars-2/4r7xli0tz94y0wfjrdyjxlxar3g1pb9/bcpkix-jdk15on-1.48.jar
7ff1da0d2000-7ff1da0d4000 r--s 00002000 08:01 18877790                   /home/l/.gradle/caches/jars-2/f32bh5uivuf69ecz2j8hl96ksnqdh7v/javawriter-2.5.0.jar
7ff1da0d4000-7ff1da0d6000 r--s 00004000 08:01 18877788                   /home/l/.gradle/caches/jars-2/j6s1upogkwo00sygdsekzj4fx0i75uy/tracker-25.3.3.jar
7ff1da0d6000-7ff1da0d7000 r--s 00005000 08:01 18877786                   /home/l/.gradle/caches/jars-2/4svya0t1s9wyo35ycd3atidsaoo6w7e/shared-25.3.3.jar
7ff1da0d7000-7ff1da0e5000 r--s 00147000 08:01 18877784                   /home/l/.gradle/caches/jars-2/qx6695c5ocd9swxv7wqtxor3plyb4b7/protos-25.3.3.jar
7ff1da0e5000-7ff1da0e6000 r--s 00001000 08:01 18877782                   /home/l/.gradle/caches/jars-2/bqo69msswbvaagsh45hf1tq02v21sml/jill-api-0.10.0.jar
7ff1da0e6000-7ff1da0e8000 r--s 00003000 08:01 18877780                   /home/l/.gradle/caches/jars-2/7pldadygbci34ql8thws797g29k1uhh/jack-api-0.13.0.jar
7ff1da0e8000-7ff1da0ee000 r--s 0004a000 08:01 18877778                   /home/l/.gradle/caches/jars-2/euoqfzf5y1sibp9ul8mcz0wovj380eo/ddmlib-25.3.3.jar
7ff1da0ee000-7ff1da0f1000 r--s 00022000 08:01 18877776                   /home/l/.gradle/caches/jars-2/a81bg2yxzmumashablwecaj0ksz6tmj/manifest-merger-25.3.3.jar
7ff1da0f1000-7ff1da0f4000 r--s 0001c000 08:01 18753369                   /home/l/.gradle/caches/jars-2/l6cnyee1vojrkkbpp6qwgpf30shmrja/common-25.3.3.jar
7ff1da0f4000-7ff1da0fd000 r--s 00089000 08:01 18753367                   /home/l/.gradle/caches/jars-2/m0t6h8af70sdgxvkj522jy01i14mnb8/sdk-common-25.3.3.jar
7ff1da0fd000-7ff1da107000 r--s 00098000 08:01 18753365                   /home/l/.gradle/caches/jars-2/28c9ykhc782k8jmlrnbnccai34hziki/sdklib-25.3.3.jar
7ff1da107000-7ff1da108000 r--s 00002000 08:01 18753363                   /home/l/.gradle/caches/jars-2/4dod7a1p5hoai4v37pxbcg65bbahvg2/builder-test-api-2.3.3.jar
7ff1da108000-7ff1da10b000 r--s 00006000 08:01 18753361                   /home/l/.gradle/caches/jars-2/omk02asobup8sgd6qxom3ej5bg94z2r/builder-model-2.3.3.jar
7ff1da10b000-7ff1da11a000 r--s 00130000 08:01 18753359                   /home/l/.gradle/caches/jars-2/cr6zkqpx14lor9zdtmo49qpc7y8r8p4/protobuf-java-3.0.0.jar
7ff1da11a000-7ff1da11c000 r--s 0000f000 08:01 18753357                   /home/l/.gradle/caches/jars-2/rvfyugrlu5tbpz51p98og0qsxamjq4k/jopt-simple-4.9.jar
7ff1da11c000-7ff1da120000 r--s 0001f000 08:01 18753355                   /home/l/.gradle/caches/jars-2/nq3fzqkrrm37ob61z4iu5qdbh368uat/org.jacoco.report-0.7.5.201505241946.jar
7ff1da120000-7ff1da124000 r--s 0001d000 08:01 17960528                   /home/l/.gradle/caches/jars-2/3kxkmcckmk40ron92zhbm0qjo9l4bkl/org.jacoco.core-0.7.5.201505241946.jar
7ff1da124000-7ff1da126000 r--s 00002000 08:01 17960526                   /home/l/.gradle/caches/jars-2/m4m0pzb4gmaeh0in5g2xc4bxeuwt828/proguard-gradle-5.3.2.jar
7ff1da126000-7ff1da128000 r--s 00009000 08:01 17960524                   /home/l/.gradle/caches/jars-2/ajvcvdu66lc9e3tvvipxtuq48i9bbkc/asm-commons-5.0.4.jar
7ff1da128000-7ff1da12a000 r--s 0000c000 08:01 17960522                   /home/l/.gradle/caches/jars-2/1laz1ygmxoc408r7nwqs1q8uk8r236d/asm-5.0.4.jar
7ff1da12a000-7ff1da12f000 r--s 0002c000 08:01 17960520                   /home/l/.gradle/caches/jars-2/3mlasgi8oo9o7oa12526198jui9zmp2/compilerCommon-2.3.3.jar
7ff1da12f000-7ff1da130000 r--s 00002000 08:01 17960518                   /home/l/.gradle/caches/jars-2/73l309uzm0ila7rdaaxteq0ng4ayf2y/gradle-api-2.3.3.jar
7ff1da130000-7ff1da131000 r--s 00000000 08:01 17960516                   /home/l/.gradle/caches/jars-2/tlyajppf8woug00g686fx5mchf8iv3o/transform-api-2.0.0-deprecated-use-gradle-api.jar
7ff1da131000-7ff1da136000 r--s 0005e000 08:01 17960514                   /home/l/.gradle/caches/jars-2/k2xtosjt0in0zj7mpwvctw6iznt93uh/lint-25.3.3.jar
7ff1da136000-7ff1da14c000 r--s 00163000 08:01 17704948                   /home/l/.gradle/caches/jars-2/nyg71b5n2lzymmwh5vbtmvjiby07k4g/builder-2.3.3.jar
7ff1da14c000-7ff1da16b000 r--s 001ca000 08:01 17704946                   /home/l/.gradle/caches/jars-2/5fwyvjq1ai8mdh1mluqxidj1wo7rls8/gradle-core-2.3.3.jar
7ff1da16b000-7ff1da16d000 r--s 0000d000 08:01 17704944                   /home/l/.gradle/caches/jars-2/mel54vauze7hczg2p6nebauqz8s53sj/gradle-2.3.3.jar
7ff1da16d000-7ff1da36d000 rw-p 00000000 00:00 0 
7ff1da36d000-7ff1da56d000 rw-p 00000000 00:00 0 
7ff1da56d000-7ff1da570000 ---p 00000000 00:00 0 
7ff1da570000-7ff1da66e000 rw-p 00000000 00:00 0 
7ff1da66e000-7ff1da671000 ---p 00000000 00:00 0 
7ff1da671000-7ff1da6a7000 rw-p 00000000 00:00 0 
7ff1da6a7000-7ff1da6a8000 r--p 00000000 00:00 0 
7ff1da6a8000-7ff1da8a8000 rw-p 00000000 00:00 0 
7ff1da8a8000-7ff1daaa8000 rw-p 00000000 00:00 0 
7ff1daaa8000-7ff1daca8000 rw-p 00000000 00:00 0 
7ff1daca8000-7ff1daea8000 rw-p 00000000 00:00 0 
7ff1daea8000-7ff1daf21000 r--s 010ed000 08:01 15863987                   /home/l/Downloads/android-studio/jre/lib/tools.jar
7ff1daf21000-7ff1db121000 rw-p 00000000 00:00 0 
7ff1db121000-7ff1db124000 ---p 00000000 00:00 0 
7ff1db124000-7ff1db222000 rw-p 00000000 00:00 0 
7ff1db222000-7ff1db225000 ---p 00000000 00:00 0 
7ff1db225000-7ff1db323000 rw-p 00000000 00:00 0 
7ff1db323000-7ff1db326000 ---p 00000000 00:00 0 
7ff1db326000-7ff1db424000 rw-p 00000000 00:00 0 
7ff1db424000-7ff1db427000 ---p 00000000 00:00 0 
7ff1db427000-7ff1db525000 rw-p 00000000 00:00 0 
7ff1db525000-7ff1db528000 ---p 00000000 00:00 0 
7ff1db528000-7ff1db826000 rw-p 00000000 00:00 0 
7ff1db826000-7ff1db829000 ---p 00000000 00:00 0 
7ff1db829000-7ff1db927000 rw-p 00000000 00:00 0 
7ff1db927000-7ff1db92a000 ---p 00000000 00:00 0 
7ff1db92a000-7ff1dba28000 rw-p 00000000 00:00 0 
7ff1dba28000-7ff1dba2f000 r--s 00000000 08:01 11540162                   /usr/lib/x86_64-linux-gnu/gconv/gconv-modules.cache
7ff1dba2f000-7ff1dbc2f000 rw-p 00000000 00:00 0 
7ff1dbc2f000-7ff1dbc32000 ---p 00000000 00:00 0 
7ff1dbc32000-7ff1dbd30000 rw-p 00000000 00:00 0 
7ff1dbd30000-7ff1dbd39000 r-xp 00000000 08:01 17704466                   /home/l/Downloads/android-studio/jre/jre/lib/amd64/libmanagement.so
7ff1dbd39000-7ff1dbf38000 ---p 00009000 08:01 17704466                   /home/l/Downloads/android-studio/jre/jre/lib/amd64/libmanagement.so
7ff1dbf38000-7ff1dbf39000 r--p 00008000 08:01 17704466                   /home/l/Downloads/android-studio/jre/jre/lib/amd64/libmanagement.so
7ff1dbf39000-7ff1dbf3a000 rw-p 00009000 08:01 17704466                   /home/l/Downloads/android-studio/jre/jre/lib/amd64/libmanagement.so
7ff1dbf3a000-7ff1dbf3f000 r--s 00098000 08:01 16788165                   /home/l/Downloads/android-studio/jre/jre/lib/jsse.jar
7ff1dbf3f000-7ff1dbf41000 r--s 00007000 08:01 16788306                   /home/l/.gradle/wrapper/dists/gradle-3.3-all/55gk2rcmfc6p2dg9u9ohc3hw9/gradle-3.3/lib/plugins/gradle-tooling-api-builders-3.3.jar
7ff1dbf41000-7ff1dbf44000 r--s 00009000 08:01 16788299                   /home/l/.gradle/wrapper/dists/gradle-3.3-all/55gk2rcmfc6p2dg9u9ohc3hw9/gradle-3.3/lib/plugins/gradle-testing-native-3.3.jar
7ff1dbf44000-7ff1dbf4a000 r--s 00033000 08:01 16788374                   /home/l/.gradle/wrapper/dists/gradle-3.3-all/55gk2rcmfc6p2dg9u9ohc3hw9/gradle-3.3/lib/plugins/snakeyaml-1.6.jar
7ff1dbf4a000-7ff1dbf4c000 r--s 00006000 08:01 16788373                   /home/l/.gradle/wrapper/dists/gradle-3.3-all/55gk2rcmfc6p2dg9u9ohc3hw9/gradle-3.3/lib/plugins/jcommander-1.12.jar
7ff1dbf4c000-7ff1dbf51000 r--s 00040000 08:01 16788372                   /home/l/.gradle/wrapper/dists/gradle-3.3-all/55gk2rcmfc6p2dg9u9ohc3hw9/gradle-3.3/lib/plugins/bsh-2.0b4.jar
7ff1dbf51000-7ff1dbf53000 r--s 00009000 08:01 16788380                   /home/l/.gradle/wrapper/dists/gradle-3.3-all/55gk2rcmfc6p2dg9u9ohc3hw9/gradle-3.3/lib/plugins/hamcrest-core-1.3.jar
7ff1dbf53000-7ff1dbf5c000 r--s 00089000 08:01 16788331                   /home/l/.gradle/wrapper/dists/gradle-3.3-all/55gk2rcmfc6p2dg9u9ohc3hw9/gradle-3.3/lib/plugins/testng-6.3.1.jar
7ff1dbf5c000-7ff1dbf64000 r--s 00045000 08:01 16788330                   /home/l/.gradle/wrapper/dists/gradle-3.3-all/55gk2rcmfc6p2dg9u9ohc3hw9/gradle-3.3/lib/plugins/junit-4.12.jar
7ff1dbf64000-7ff1dbf6a000 r--s 0002e000 08:01 16788300                   /home/l/.gradle/wrapper/dists/gradle-3.3-all/55gk2rcmfc6p2dg9u9ohc3hw9/gradle-3.3/lib/plugins/gradle-testing-jvm-3.3.jar
7ff1dbf6a000-7ff1dbf6e000 r--s 00016000 08:01 16788298                   /home/l/.gradle/wrapper/dists/gradle-3.3-all/55gk2rcmfc6p2dg9u9ohc3hw9/gradle-3.3/lib/plugins/gradle-testing-base-3.3.jar
7ff1dbf6e000-7ff1dbf75000 r--s 00038000 08:01 16788325                   /home/l/.gradle/wrapper/dists/gradle-3.3-all/55gk2rcmfc6p2dg9u9ohc3hw9/gradle-3.3/lib/plugins/bcpg-jdk15on-1.51.jar
7ff1dbf75000-7ff1dbf77000 r--s 0000c000 08:01 16788277                   /home/l/.gradle/wrapper/dists/gradle-3.3-all/55gk2rcmfc6p2dg9u9ohc3hw9/gradle-3.3/lib/plugins/gradle-signing-3.3.jar
7ff1dbf77000-7ff1dbf79000 r--s 00007000 08:01 16788276                   /home/l/.gradle/wrapper/dists/gradle-3.3-all/55gk2rcmfc6p2dg9u9ohc3hw9/gradle-3.3/lib/plugins/gradle-scala-3.3.jar
7ff1dbf79000-7ff1dbf7a000 r--s 00004000 08:01 16788304                   /home/l/.gradle/wrapper/dists/gradle-3.3-all/55gk2rcmfc6p2dg9u9ohc3hw9/gradle-3.3/lib/plugins/gradle-resources-sftp-3.3.jar
7ff1dbf7a000-7ff1dbf8a000 r--s 00088000 08:01 16788341                   /home/l/.gradle/wrapper/dists/gradle-3.3-all/55gk2rcmfc6p2dg9u9ohc3hw9/gradle-3.3/lib/plugins/joda-time-2.8.2.jar
7ff1dbf8a000-7ff1dbf9b000 r--s 0010d000 08:01 16788340                   /home/l/.gradle/wrapper/dists/gradle-3.3-all/55gk2rcmfc6p2dg9u9ohc3hw9/gradle-3.3/lib/plugins/jackson-databind-2.6.6.jar
7ff1dbf9b000-7ff1dbf9e000 r--s 00009000 08:01 16788339                   /home/l/.gradle/wrapper/dists/gradle-3.3-all/55gk2rcmfc6p2dg9u9ohc3hw9/gradle-3.3/lib/plugins/jackson-annotations-2.6.6.jar
7ff1dbf9e000-7ff1dbfa2000 r--s 0003c000 08:01 16788338                   /home/l/.gradle/wrapper/dists/gradle-3.3-all/55gk2rcmfc6p2dg9u9ohc3hw9/gradle-3.3/lib/plugins/jackson-core-2.6.6.jar
7ff1dbfa2000-7ff1dbfb0000 r--s 00087000 08:01 16788337                   /home/l/.gradle/wrapper/dists/gradle-3.3-all/55gk2rcmfc6p2dg9u9ohc3hw9/gradle-3.3/lib/plugins/aws-java-sdk-core-1.11.6.jar
7ff1dbfb0000-7ff1dbfb7000 r--s 00057000 08:01 16788336                   /home/l/.gradle/wrapper/dists/gradle-3.3-all/55gk2rcmfc6p2dg9u9ohc3hw9/gradle-3.3/lib/plugins/aws-java-sdk-kms-1.11.6.jar
7ff1dbfb7000-7ff1dbfc4000 r--s 0008e000 08:01 16788335                   /home/l/.gradle/wrapper/dists/gradle-3.3-all/55gk2rcmfc6p2dg9u9ohc3hw9/gradle-3.3/lib/plugins/aws-java-sdk-s3-1.11.6.jar
7ff1dbfc4000-7ff1dbfc6000 r--s 00004000 08:01 16788305                   /home/l/.gradle/wrapper/dists/gradle-3.3-all/55gk2rcmfc6p2dg9u9ohc3hw9/gradle-3.3/lib/plugins/gradle-resources-s3-3.3.jar
7ff1dbfc6000-7ff1dbfc8000 r--s 00005000 08:01 16788329                   /home/l/.gradle/wrapper/dists/gradle-3.3-all/55gk2rcmfc6p2dg9u9ohc3hw9/gradle-3.3/lib/plugins/jatl-0.2.2.jar
7ff1dbfc8000-7ff1dbfca000 r--s 0000f000 08:01 16788282                   /home/l/.gradle/wrapper/dists/gradle-3.3-all/55gk2rcmfc6p2dg9u9ohc3hw9/gradle-3.3/lib/plugins/gradle-reporting-3.3.jar
7ff1dbfca000-7ff1dbfcc000 r--s 00002000 08:01 16788283                   /home/l/.gradle/wrapper/dists/gradle-3.3-all/55gk2rcmfc6p2dg9u9ohc3hw9/gradle-3.3/lib/plugins/gradle-publish-3.3.jar
7ff1dbfcc000-7ff1dbfd2000 r--s 00031000 08:01 16788268                   /home/l/.gradle/wrapper/dists/gradle-3.3-all/55gk2rcmfc6p2dg9u9ohc3hw9/gradle-3.3/lib/plugins/gradle-plugins-3.3.jar
7ff1dbfd2000-7ff1dbfd8000 r--s 0002b000 08:01 16788294                   /home/l/.gradle/wrapper/dists/gradle-3.3-all/55gk2rcmfc6p2dg9u9ohc3hw9/gradle-3.3/lib/plugins/gradle-platform-play-3.3.jar
7ff1dbfd8000-7ff1dc000000 r--s 0021c000 08:01 16788320                   /home/l/.gradle/wrapper/dists/gradle-3.3-all/55gk2rcmfc6p2dg9u9ohc3hw9/gradle-3.3/lib/plugins/biz.aQute.bndlib-3.2.0.jar
7ff1dc000000-7ff1dc02f000 rw-p 00000000 00:00 0 
7ff1dc02f000-7ff1e0000000 ---p 00000000 00:00 0 
7ff1e0000000-7ff1e0002000 r--s 00009000 08:01 16788312                   /home/l/.gradle/wrapper/dists/gradle-3.3-all/55gk2rcmfc6p2dg9u9ohc3hw9/gradle-3.3/lib/plugins/commons-cli-1.2.jar
7ff1e0002000-7ff1e0004000 r--s 00009000 08:01 16788301                   /home/l/.gradle/wrapper/dists/gradle-3.3-all/55gk2rcmfc6p2dg9u9ohc3hw9/gradle-3.3/lib/plugins/gradle-plugin-development-3.3.jar
7ff1e0004000-7ff1e0012000 r--s 00055000 08:01 16788293                   /home/l/.gradle/wrapper/dists/gradle-3.3-all/55gk2rcmfc6p2dg9u9ohc3hw9/gradle-3.3/lib/plugins/gradle-platform-native-3.3.jar
7ff1e0012000-7ff1e0017000 r--s 0001f000 08:01 16788288                   /home/l/.gradle/wrapper/dists/gradle-3.3-all/55gk2rcmfc6p2dg9u9ohc3hw9/gradle-3.3/lib/plugins/gradle-platform-jvm-3.3.jar
7ff1e0017000-7ff1e001f000 r--s 00027000 08:01 16788287                   /home/l/.gradle/wrapper/dists/gradle-3.3-all/55gk2rcmfc6p2dg9u9ohc3hw9/gradle-3.3/lib/plugins/gradle-platform-base-3.3.jar
7ff1e001f000-7ff1e0021000 r--s 00003000 08:01 16788272                   /home/l/.gradle/wrapper/dists/gradle-3.3-all/55gk2rcmfc6p2dg9u9ohc3hw9/gradle-3.3/lib/plugins/gradle-osgi-3.3.jar
7ff1e0021000-7ff1e0024000 r--s 0000c000 08:01 16788323                   /home/l/.gradle/wrapper/dists/gradle-3.3-all/55gk2rcmfc6p2dg9u9ohc3hw9/gradle-3.3/lib/plugins/pmaven-groovy-0.8-20100325.jar
7ff1e0024000-7ff1e0025000 r--s 00004000 08:01 16788322                   /home/l/.gradle/wrapper/dists/gradle-3.3-all/55gk2rcmfc6p2dg9u9ohc3hw9/gradle-3.3/lib/plugins/pmaven-common-0.8-20100325.jar
7ff1e0025000-7ff1e002b000 r--s 00023000 08:01 16788273                   /home/l/.gradle/wrapper/dists/gradle-3.3-all/55gk2rcmfc6p2dg9u9ohc3hw9/gradle-3.3/lib/plugins/gradle-maven-3.3.jar
7ff1e002b000-7ff1e002e000 r--s 0000b000 08:01 16788292                   /home/l/.gradle/wrapper/dists/gradle-3.3-all/55gk2rcmfc6p2dg9u9ohc3hw9/gradle-3.3/lib/plugins/gradle-language-scala-3.3.jar
7ff1e002e000-7ff1e0034000 r--s 0001a000 08:01 16788296                   /home/l/.gradle/wrapper/dists/gradle-3.3-all/55gk2rcmfc6p2dg9u9ohc3hw9/gradle-3.3/lib/plugins/gradle-language-native-3.3.jar
7ff1e0034000-7ff1e0037000 r--s 00005000 08:01 16788289                   /home/l/.gradle/wrapper/dists/gradle-3.3-all/55gk2rcmfc6p2dg9u9ohc3hw9/gradle-3.3/lib/plugins/gradle-language-jvm-3.3.jar
7ff1e0037000-7ff1e003d000 r--s 00027000 08:01 16788290                   /home/l/.gradle/wrapper/dists/gradle-3.3-all/55gk2rcmfc6p2dg9u9ohc3hw9/gradle-3.3/lib/plugins/gradle-language-java-3.3.jar
7ff1e003d000-7ff1e003f000 r--s 0000a000 08:01 16788291                   /home/l/.gradle/wrapper/dists/gradle-3.3-all/55gk2rcmfc6p2dg9u9ohc3hw9/gradle-3.3/lib/plugins/gradle-language-groovy-3.3.jar
7ff1e003f000-7ff1e0042000 r--s 0001e000 08:01 16788347                   /home/l/.gradle/wrapper/dists/gradle-3.3-all/55gk2rcmfc6p2dg9u9ohc3hw9/gradle-3.3/lib/plugins/jsp-api-2.1-6.1.14.jar
7ff1e0042000-7ff1e0065000 r--s 00344000 08:01 16788346                   /home/l/.gradle/wrapper/dists/gradle-3.3-all/55gk2rcmfc6p2dg9u9ohc3hw9/gradle-3.3/lib/plugins/core-3.1.1.jar
7ff1e0065000-7ff1e0066000 r--s 00006000 08:01 16788345                   /home/l/.gradle/wrapper/dists/gradle-3.3-all/55gk2rcmfc6p2dg9u9ohc3hw9/gradle-3.3/lib/plugins/jetty-naming-6.1.26.jar
7ff1e0066000-7ff1e0067000 r--s 00002000 08:01 16788319                   /home/l/.gradle/wrapper/dists/gradle-3.3-all/55gk2rcmfc6p2dg9u9ohc3hw9/gradle-3.3/lib/plugins/geronimo-annotation_1.0_spec-1.0.jar
7ff1e0067000-7ff1e0069000 r--s 00002000 08:01 16788318                   /home/l/.gradle/wrapper/dists/gradle-3.3-all/55gk2rcmfc6p2dg9u9ohc3hw9/gradle-3.3/lib/plugins/jetty-annotations-6.1.26.jar
7ff1e0069000-7ff1e007a000 r--s 000ea000 08:01 16788317                   /home/l/.gradle/wrapper/dists/gradle-3.3-all/55gk2rcmfc6p2dg9u9ohc3hw9/gradle-3.3/lib/plugins/jsp-2.1-6.1.14.jar
7ff1e007a000-7ff1e007c000 r--s 0000d000 08:01 16788316                   /home/l/.gradle/wrapper/dists/gradle-3.3-all/55gk2rcmfc6p2dg9u9ohc3hw9/gradle-3.3/lib/plugins/jetty-plus-6.1.26.jar
7ff1e007c000-7ff1e007e000 r--s 0001f000 08:01 16788315                   /home/l/.gradle/wrapper/dists/gradle-3.3-all/55gk2rcmfc6p2dg9u9ohc3hw9/gradle-3.3/lib/plugins/servlet-api-2.5-20081211.jar
7ff1e007e000-7ff1e0082000 r--s 00028000 08:01 16788314                   /home/l/.gradle/wrapper/dists/gradle-3.3-all/55gk2rcmfc6p2dg9u9ohc3hw9/gradle-3.3/lib/plugins/jetty-util-6.1.26.jar
7ff1e0082000-7ff1e0089000 r--s 0007d000 08:01 16788313                   /home/l/.gradle/wrapper/dists/gradle-3.3-all/55gk2rcmfc6p2dg9u9ohc3hw9/gradle-3.3/lib/plugins/jetty-6.1.26.jar
7ff1e0089000-7ff1e008b000 r--s 0000a000 08:01 16788270                   /home/l/.gradle/wrapper/dists/gradle-3.3-all/55gk2rcmfc6p2dg9u9ohc3hw9/gradle-3.3/lib/plugins/gradle-jetty-3.3.jar
7ff1e008b000-7ff1e0092000 r--s 00035000 08:01 16788328                   /home/l/.gradle/wrapper/dists/gradle-3.3-all/55gk2rcmfc6p2dg9u9ohc3hw9/gradle-3.3/lib/plugins/simple-4.1.21.jar
7ff1e0092000-7ff1e009e000 r--s 00100000 08:01 16788326                   /home/l/.gradle/wrapper/dists/gradle-3.3-all/55gk2rcmfc6p2dg9u9ohc3hw9/gradle-3.3/lib/plugins/rhino-1.7R3.jar
7ff1e009e000-7ff1e00a2000 r--s 00012000 08:01 16788279                   /home/l/.gradle/wrapper/dists/gradle-3.3-all/55gk2rcmfc6p2dg9u9ohc3hw9/gradle-3.3/lib/plugins/gradle-javascript-3.3.jar
7ff1e00a2000-7ff1e00a4000 r--s 0000d000 08:01 16788285                   /home/l/.gradle/wrapper/dists/gradle-3.3-all/55gk2rcmfc6p2dg9u9ohc3hw9/gradle-3.3/lib/plugins/gradle-jacoco-3.3.jar
7ff1e00a4000-7ff1e00a7000 r--s 0000e000 08:01 16788284                   /home/l/.gradle/wrapper/dists/gradle-3.3-all/55gk2rcmfc6p2dg9u9ohc3hw9/gradle-3.3/lib/plugins/gradle-ivy-3.3.jar
7ff1e00a7000-7ff1e00a8000 r--s 00002000 08:01 16788295                   /home/l/.gradle/wrapper/dists/gradle-3.3-all/55gk2rcmfc6p2dg9u9ohc3hw9/gradle-3.3/lib/plugins/gradle-ide-play-3.3.jar
7ff1e00a8000-7ff1e00ab000 r--s 00013000 08:01 16788297                   /home/l/.gradle/wrapper/dists/gradle-3.3-all/55gk2rcmfc6p2dg9u9ohc3hw9/gradle-3.3/lib/plugins/gradle-ide-native-3.3.jar
7ff1e00ab000-7ff1e00b4000 r--s 00055000 08:01 16788274                   /home/l/.gradle/wrapper/dists/gradle-3.3-all/55gk2rcmfc6p2dg9u9ohc3hw9/gradle-3.3/lib/plugins/gradle-ide-3.3.jar
7ff1e00b4000-7ff1e00b6000 r--s 00007000 08:01 16788278                   /home/l/.gradle/wrapper/dists/gradle-3.3-all/55gk2rcmfc6p2dg9u9ohc3hw9/gradle-3.3/lib/plugins/gradle-ear-3.3.jar
7ff1e00b6000-7ff1e00bc000 r--s 00039000 08:01 16788281                   /home/l/.gradle/wrapper/dists/gradle-3.3-all/55gk2rcmfc6p2dg9u9ohc3hw9/gradle-3.3/lib/plugins/gradle-diagnostics-3.3.jar
7ff1e00bc000-7ff1e00bd000 r--s 00009000 08:01 16788307                   /home/l/.gradle/wrapper/dists/gradle-3.3-all/55gk2rcmfc6p2dg9u9ohc3hw9/gradle-3.3/lib/plugins/gradle-composite-builds-3.3.jar
7ff1e00bd000-7ff1e00c1000 r--s 00023000 08:01 16788269                   /home/l/.gradle/wrapper/dists/gradle-3.3-all/55gk2rcmfc6p2dg9u9ohc3hw9/gradle-3.3/lib/plugins/gradle-code-quality-3.3.jar
7ff1e00c1000-7ff1e00c5000 r--s 00022000 08:01 16788286                   /home/l/.gradle/wrapper/dists/gradle-3.3-all/55gk2rcmfc6p2dg9u9ohc3hw9/gradle-3.3/lib/plugins/gradle-build-init-3.3.jar
7ff1e00c5000-7ff1e00cb000 r--s 0008e000 08:01 16788280                   /home/l/.gradle/wrapper/dists/gradle-3.3-all/55gk2rcmfc6p2dg9u9ohc3hw9/gradle-3.3/lib/plugins/gradle-build-comparison-3.3.jar
7ff1e00cb000-7ff1e00cc000 r--s 00001000 08:01 16788308                   /home/l/.gradle/wrapper/dists/gradle-3.3-all/55gk2rcmfc6p2dg9u9ohc3hw9/gradle-3.3/lib/plugins/gradle-build-cache-http-3.3.jar
7ff1e00cc000-7ff1e00ce000 r--s 00008000 08:01 16788271                   /home/l/.gradle/wrapper/dists/gradle-3.3-all/55gk2rcmfc6p2dg9u9ohc3hw9/gradle-3.3/lib/plugins/gradle-antlr-3.3.jar
7ff1e00ce000-7ff1e00d0000 r--s 00004000 08:01 16788275                   /home/l/.gradle/wrapper/dists/gradle-3.3-all/55gk2rcmfc6p2dg9u9ohc3hw9/gradle-3.3/lib/plugins/gradle-announce-3.3.jar
7ff1e00d0000-7ff1e00e8000 r--s 00115000 08:01 16788377                   /home/l/.gradle/wrapper/dists/gradle-3.3-all/55gk2rcmfc6p2dg9u9ohc3hw9/gradle-3.3/lib/plugins/xercesImpl-2.9.1.jar
7ff1e00e8000-7ff1e00f0000 r--s 00028000 08:01 16788378                   /home/l/.gradle/wrapper/dists/gradle-3.3-all/55gk2rcmfc6p2dg9u9ohc3hw9/gradle-3.3/lib/plugins/xml-apis-1.3.04.jar
7ff1e00f0000-7ff1e00f6000 r--s 0005b000 08:01 16788376                   /home/l/.gradle/wrapper/dists/gradle-3.3-all/55gk2rcmfc6p2dg9u9ohc3hw9/gradle-3.3/lib/plugins/jcifs-1.3.17.jar
7ff1e00f6000-7ff1e00fc000 r--s 00033000 08:01 16788324                   /home/l/.gradle/wrapper/dists/gradle-3.3-all/55gk2rcmfc6p2dg9u9ohc3hw9/gradle-3.3/lib/plugins/commons-codec-1.6.jar
7ff1e00fc000-7ff1e0103000 r--s 00049000 08:01 16788375                   /home/l/.gradle/wrapper/dists/gradle-3.3-all/55gk2rcmfc6p2dg9u9ohc3hw9/gradle-3.3/lib/plugins/httpcore-4.4.4.jar
7ff1e0103000-7ff1e0106000 r--s 0001c000 08:01 16788333                   /home/l/.gradle/wrapper/dists/gradle-3.3-all/55gk2rcmfc6p2dg9u9ohc3hw9/gradle-3.3/lib/plugins/nekohtml-1.9.14.jar
7ff1e0106000-7ff1e0113000 r--s 000a4000 08:01 16788332                   /home/l/.gradle/wrapper/dists/gradle-3.3-all/55gk2rcmfc6p2dg9u9ohc3hw9/gradle-3.3/lib/plugins/httpclient-4.4.1.jar
7ff1e0113000-7ff1e0116000 r--s 0000a000 08:01 16788303                   /home/l/.gradle/wrapper/dists/gradle-3.3-all/55gk2rcmfc6p2dg9u9ohc3hw9/gradle-3.3/lib/plugins/gradle-resources-http-3.3.jar
7ff1e0116000-7ff1e011a000 r--s 00015000 08:01 16788302                   /home/l/.gradle/wrapper/dists/gradle-3.3-all/55gk2rcmfc6p2dg9u9ohc3hw9/gradle-3.3/lib/plugins/gradle-plugin-use-3.3.jar
7ff1e011a000-7ff1e011b000 r--s 00000000 08:01 16788214                   /home/l/.gradle/wrapper/dists/gradle-3.3-all/55gk2rcmfc6p2dg9u9ohc3hw9/gradle-3.3/lib/gradle-installation-beacon-3.3.jar
7ff1e011b000-7ff1e011d000 r--s 00006000 08:01 16788371                   /home/l/.gradle/wrapper/dists/gradle-3.3-all/55gk2rcmfc6p2dg9u9ohc3hw9/gradle-3.3/lib/plugins/aether-connector-wagon-1.13.1.jar
7ff1e011d000-7ff1e0121000 r--s 0001c000 08:01 16788370                   /home/l/.gradle/wrapper/dists/gradle-3.3-all/55gk2rcmfc6p2dg9u9ohc3hw9/gradle-3.3/lib/plugins/aether-util-1.13.1.jar
7ff1e0121000-7ff1e0122000 r--s 00003000 08:01 16788369                   /home/l/.gradle/wrapper/dists/gradle-3.3-all/55gk2rcmfc6p2dg9u9ohc3hw9/gradle-3.3/lib/plugins/aether-spi-1.13.1.jar
7ff1e0122000-7ff1e0125000 r--s 0001d000 08:01 16788368                   /home/l/.gradle/wrapper/dists/gradle-3.3-all/55gk2rcmfc6p2dg9u9ohc3hw9/gradle-3.3/lib/plugins/aether-impl-1.13.1.jar
7ff1e0125000-7ff1e0128000 r--s 00013000 08:01 16788367                   /home/l/.gradle/wrapper/dists/gradle-3.3-all/55gk2rcmfc6p2dg9u9ohc3hw9/gradle-3.3/lib/plugins/aether-api-1.13.1.jar
7ff1e0128000-7ff1e0129000 r--s 00007000 08:01 16788366                   /home/l/.gradle/wrapper/dists/gradle-3.3-all/55gk2rcmfc6p2dg9u9ohc3hw9/gradle-3.3/lib/plugins/wagon-http-shared4-2.4.jar
7ff1e0129000-7ff1e012b000 r--s 0000b000 08:01 16788365                   /home/l/.gradle/wrapper/dists/gradle-3.3-all/55gk2rcmfc6p2dg9u9ohc3hw9/gradle-3.3/lib/plugins/wagon-provider-api-2.4.jar
7ff1e012b000-7ff1e012c000 r--s 00002000 08:01 16788364                   /home/l/.gradle/wrapper/dists/gradle-3.3-all/55gk2rcmfc6p2dg9u9ohc3hw9/gradle-3.3/lib/plugins/wagon-http-2.4.jar
7ff1e012c000-7ff1e012e000 r--s 0000c000 08:01 16788362                   /home/l/.gradle/wrapper/dists/gradle-3.3-all/55gk2rcmfc6p2dg9u9ohc3hw9/gradle-3.3/lib/plugins/maven-aether-provider-3.0.4.jar
7ff1e012e000-7ff1e0130000 r--s 0000b000 08:01 16788361                   /home/l/.gradle/wrapper/dists/gradle-3.3-all/55gk2rcmfc6p2dg9u9ohc3hw9/gradle-3.3/lib/plugins/maven-plugin-api-3.0.4.jar
7ff1e0130000-7ff1e0132000 r--s 00006000 08:01 16788360                   /home/l/.gradle/wrapper/dists/gradle-3.3-all/55gk2rcmfc6p2dg9u9ohc3hw9/gradle-3.3/lib/plugins/maven-repository-metadata-3.0.4.jar
7ff1e0132000-7ff1e0134000 r--s 0000b000 08:01 16788359                   /home/l/.gradle/wrapper/dists/gradle-3.3-all/55gk2rcmfc6p2dg9u9ohc3hw9/gradle-3.3/lib/plugins/maven-artifact-3.0.4.jar
7ff1e0134000-7ff1e0138000 r--s 00021000 08:01 16788357                   /home/l/.gradle/wrapper/dists/gradle-3.3-all/55gk2rcmfc6p2dg9u9ohc3hw9/gradle-3.3/lib/plugins/maven-model-builder-3.0.4.jar
7ff1e0138000-7ff1e014e000 r-xp 00000000 08:01 23073175                   /lib/x86_64-linux-gnu/libgcc_s.so.1
7ff1e014e000-7ff1e034d000 ---p 00016000 08:01 23073175                   /lib/x86_64-linux-gnu/libgcc_s.so.1
7ff1e034d000-7ff1e034e000 rw-p 00015000 08:01 23073175                   /lib/x86_64-linux-gnu/libgcc_s.so.1
7ff1e034e000-7ff1e04c0000 r-xp 00000000 08:01 11274369                   /usr/lib/x86_64-linux-gnu/libstdc++.so.6.0.21
7ff1e04c0000-7ff1e06c0000 ---p 00172000 08:01 11274369                   /usr/lib/x86_64-linux-gnu/libstdc++.so.6.0.21
7ff1e06c0000-7ff1e06ca000 r--p 00172000 08:01 11274369                   /usr/lib/x86_64-linux-gnu/libstdc++.so.6.0.21
7ff1e06ca000-7ff1e06cc000 rw-p 0017c000 08:01 11274369                   /usr/lib/x86_64-linux-gnu/libstdc++.so.6.0.21
7ff1e06cc000-7ff1e06d0000 rw-p 00000000 00:00 0 
7ff1e06d0000-7ff1e06d5000 r-xp 00000000 08:01 16520587                   /home/l/.gradle/native/23/linux-amd64/libnative-platform.so
7ff1e06d5000-7ff1e08d4000 ---p 00005000 08:01 16520587                   /home/l/.gradle/native/23/linux-amd64/libnative-platform.so
7ff1e08d4000-7ff1e08d5000 rw-p 00004000 08:01 16520587                   /home/l/.gradle/native/23/linux-amd64/libnative-platform.so
7ff1e08d5000-7ff1e08e6000 r-xp 00000000 08:01 17704454                   /home/l/Downloads/android-studio/jre/jre/lib/amd64/libnio.so
7ff1e08e6000-7ff1e0ae5000 ---p 00011000 08:01 17704454                   /home/l/Downloads/android-studio/jre/jre/lib/amd64/libnio.so
7ff1e0ae5000-7ff1e0ae6000 r--p 00010000 08:01 17704454                   /home/l/Downloads/android-studio/jre/jre/lib/amd64/libnio.so
7ff1e0ae6000-7ff1e0ae7000 rw-p 00011000 08:01 17704454                   /home/l/Downloads/android-studio/jre/jre/lib/amd64/libnio.so
7ff1e0ae7000-7ff1e0de8000 rw-p 00000000 00:00 0 
7ff1e0de8000-7ff1e0dff000 r-xp 00000000 08:01 17704452                   /home/l/Downloads/android-studio/jre/jre/lib/amd64/libnet.so
7ff1e0dff000-7ff1e0ffe000 ---p 00017000 08:01 17704452                   /home/l/Downloads/android-studio/jre/jre/lib/amd64/libnet.so
7ff1e0ffe000-7ff1e0fff000 r--p 00016000 08:01 17704452                   /home/l/Downloads/android-studio/jre/jre/lib/amd64/libnet.so
7ff1e0fff000-7ff1e1000000 rw-p 00017000 08:01 17704452                   /home/l/Downloads/android-studio/jre/jre/lib/amd64/libnet.so
7ff1e1000000-7ff1e4000000 rw-p 00000000 00:00 0 
7ff1e4000000-7ff1e4055000 rw-p 00000000 00:00 0 
7ff1e4055000-7ff1e8000000 ---p 00000000 00:00 0 
7ff1e8000000-7ff1e8001000 r--s 00002000 08:01 16788363                   /home/l/.gradle/wrapper/dists/gradle-3.3-all/55gk2rcmfc6p2dg9u9ohc3hw9/gradle-3.3/lib/plugins/wagon-file-2.4.jar
7ff1e8001000-7ff1e8003000 r--s 00026000 08:01 16788358                   /home/l/.gradle/wrapper/dists/gradle-3.3-all/55gk2rcmfc6p2dg9u9ohc3hw9/gradle-3.3/lib/plugins/maven-model-3.0.4.jar
7ff1e8003000-7ff1e8009000 r--s 0003f000 08:01 16788356                   /home/l/.gradle/wrapper/dists/gradle-3.3-all/55gk2rcmfc6p2dg9u9ohc3hw9/gradle-3.3/lib/plugins/maven-compat-3.0.4.jar
7ff1e8009000-7ff1e800a000 r--s 00006000 08:01 16788355                   /home/l/.gradle/wrapper/dists/gradle-3.3-all/55gk2rcmfc6p2dg9u9ohc3hw9/gradle-3.3/lib/plugins/plexus-sec-dispatcher-1.3.jar
7ff1e800a000-7ff1e800c000 r--s 00002000 08:01 16788354                   /home/l/.gradle/wrapper/dists/gradle-3.3-all/55gk2rcmfc6p2dg9u9ohc3hw9/gradle-3.3/lib/plugins/plexus-cipher-1.7.jar
7ff1e800c000-7ff1e800e000 r--s 0000a000 08:01 16788353                   /home/l/.gradle/wrapper/dists/gradle-3.3-all/55gk2rcmfc6p2dg9u9ohc3hw9/gradle-3.3/lib/plugins/plexus-classworlds-2.4.jar
7ff1e800e000-7ff1e8015000 r--s 0002e000 08:01 16788352                   /home/l/.gradle/wrapper/dists/gradle-3.3-all/55gk2rcmfc6p2dg9u9ohc3hw9/gradle-3.3/lib/plugins/plexus-container-default-1.5.5.jar
7ff1e8015000-7ff1e8017000 r--s 00000000 08:01 16788379                   /home/l/.gradle/wrapper/dists/gradle-3.3-all/55gk2rcmfc6p2dg9u9ohc3hw9/gradle-3.3/lib/plugins/plexus-component-annotations-1.5.5.jar
7ff1e8017000-7ff1e8019000 r--s 0000d000 08:01 16788351                   /home/l/.gradle/wrapper/dists/gradle-3.3-all/55gk2rcmfc6p2dg9u9ohc3hw9/gradle-3.3/lib/plugins/plexus-interpolation-1.14.jar
7ff1e8019000-7ff1e801d000 r--s 00033000 08:01 16788350                   /home/l/.gradle/wrapper/dists/gradle-3.3-all/55gk2rcmfc6p2dg9u9ohc3hw9/gradle-3.3/lib/plugins/plexus-utils-2.0.6.jar
7ff1e801d000-7ff1e8020000 r--s 00008000 08:01 16788349                   /home/l/.gradle/wrapper/dists/gradle-3.3-all/55gk2rcmfc6p2dg9u9ohc3hw9/gradle-3.3/lib/plugins/maven-settings-builder-3.0.4.jar
7ff1e8020000-7ff1e8022000 r--s 0000a000 08:01 16788348                   /home/l/.gradle/wrapper/dists/gradle-3.3-all/55gk2rcmfc6p2dg9u9ohc3hw9/gradle-3.3/lib/plugins/maven-settings-3.0.4.jar
7ff1e8022000-7ff1e8027000 r--s 00040000 08:01 16788334                   /home/l/.gradle/wrapper/dists/gradle-3.3-all/55gk2rcmfc6p2dg9u9ohc3hw9/gradle-3.3/lib/plugins/jsch-0.1.53.jar
7ff1e8027000-7ff1e8067000 r--s 00277000 08:01 16788344                   /home/l/.gradle/wrapper/dists/gradle-3.3-all/55gk2rcmfc6p2dg9u9ohc3hw9/gradle-3.3/lib/plugins/bcprov-jdk15on-1.51.jar
7ff1e8067000-7ff1e806b000 r--s 0001d000 08:01 16788343                   /home/l/.gradle/wrapper/dists/gradle-3.3-all/55gk2rcmfc6p2dg9u9ohc3hw9/gradle-3.3/lib/plugins/xbean-reflect-3.4.jar
7ff1e806b000-7ff1e8077000 r--s 0007d000 08:01 16788321                   /home/l/.gradle/wrapper/dists/gradle-3.3-all/55gk2rcmfc6p2dg9u9ohc3hw9/gradle-3.3/lib/plugins/maven-core-3.0.4.jar
7ff1e8077000-7ff1e807c000 r--s 00034000 08:01 16788327                   /home/l/.gradle/wrapper/dists/gradle-3.3-all/55gk2rcmfc6p2dg9u9ohc3hw9/gradle-3.3/lib/plugins/gson-2.7.jar
7ff1e807c000-7ff1e808b000 r--s 000d9000 08:01 16788342                   /home/l/.gradle/wrapper/dists/gradle-3.3-all/55gk2rcmfc6p2dg9u9ohc3hw9/gradle-3.3/lib/plugins/ivy-2.2.0.jar
7ff1e808b000-7ff1e80aa000 r--s 000f6000 08:01 16788310                   /home/l/.gradle/wrapper/dists/gradle-3.3-all/55gk2rcmfc6p2dg9u9ohc3hw9/gradle-3.3/lib/plugins/gradle-dependency-management-3.3.jar
7ff1e80aa000-7ff1e80ac000 r--s 00005000 08:01 16788309                   /home/l/.gradle/wrapper/dists/gradle-3.3-all/55gk2rcmfc6p2dg9u9ohc3hw9/gradle-3.3/lib/plugins/gradle-workers-3.3.jar
7ff1e80ac000-7ff1e80ad000 r--s 00006000 08:01 16788213                   /home/l/.gradle/wrapper/dists/gradle-3.3-all/55gk2rcmfc6p2dg9u9ohc3hw9/gradle-3.3/lib/gradle-wrapper-3.3.jar
7ff1e80ad000-7ff1e80ba000 r--s 00041000 08:01 16788220                   /home/l/.gradle/wrapper/dists/gradle-3.3-all/55gk2rcmfc6p2dg9u9ohc3hw9/gradle-3.3/lib/gradle-tooling-api-3.3.jar
7ff1e80ba000-7ff1e80bc000 r--s 00002000 08:01 16788240                   /home/l/.gradle/wrapper/dists/gradle-3.3-all/55gk2rcmfc6p2dg9u9ohc3hw9/gradle-3.3/lib/gradle-open-api-3.3.jar
7ff1e80bc000-7ff1e80c2000 r--s 00032000 08:01 16788242                   /home/l/.gradle/wrapper/dists/gradle-3.3-all/55gk2rcmfc6p2dg9u9ohc3hw9/gradle-3.3/lib/jaxen-1.1.jar
7ff1e80c2000-7ff1e80cd000 r--s 00059000 08:01 16788219                   /home/l/.gradle/wrapper/dists/gradle-3.3-all/55gk2rcmfc6p2dg9u9ohc3hw9/gradle-3.3/lib/gradle-ui-3.3.jar
7ff1e80cd000-7ff1e80d6000 r--s 0008c000 08:01 16788211                   /home/l/.gradle/wrapper/dists/gradle-3.3-all/55gk2rcmfc6p2dg9u9ohc3hw9/gradle-3.3/lib/kotlin-stdlib-1.1-M02.jar
7ff1e80d6000-7ff1e80dc000 r--s 0002a000 08:01 16788210                   /home/l/.gradle/wrapper/dists/gradle-3.3-all/55gk2rcmfc6p2dg9u9ohc3hw9/gradle-3.3/lib/kotlin-runtime-1.1-M02.jar
7ff1e80dc000-7ff1e8110000 r--s 00256000 08:01 16788209                   /home/l/.gradle/wrapper/dists/gradle-3.3-all/55gk2rcmfc6p2dg9u9ohc3hw9/gradle-3.3/lib/kotlin-reflect-1.1-M02.jar
7ff1e8110000-7ff1e82a6000 r--s 0157e000 08:01 16788208                   /home/l/.gradle/wrapper/dists/gradle-3.3-all/55gk2rcmfc6p2dg9u9ohc3hw9/gradle-3.3/lib/kotlin-compiler-embeddable-1.1-M02.jar
7ff1e82a6000-7ff1e82ae000 r--s 0004e000 08:01 16788207                   /home/l/.gradle/wrapper/dists/gradle-3.3-all/55gk2rcmfc6p2dg9u9ohc3hw9/gradle-3.3/lib/gradle-script-kotlin-0.5.1.jar
7ff1e82ae000-7ff1e831e000 r--s 00641000 08:01 16788227                   /home/l/.gradle/wrapper/dists/gradle-3.3-all/55gk2rcmfc6p2dg9u9ohc3hw9/gradle-3.3/lib/groovy-all-2.4.7.jar
7ff1e831e000-7ff1e831f000 ---p 00000000 00:00 0 
7ff1e831f000-7ff1e841f000 rw-p 00000000 00:00 0 
7ff1e841f000-7ff1e8422000 ---p 00000000 00:00 0 
7ff1e8422000-7ff1e8520000 rw-p 00000000 00:00 0 
7ff1e8520000-7ff1e8523000 ---p 00000000 00:00 0 
7ff1e8523000-7ff1e8621000 rw-p 00000000 00:00 0 
7ff1e8621000-7ff1e8624000 ---p 00000000 00:00 0 
7ff1e8624000-7ff1e8722000 rw-p 00000000 00:00 0 
7ff1e8722000-7ff1e8725000 ---p 00000000 00:00 0 
7ff1e8725000-7ff1e8823000 rw-p 00000000 00:00 0 
7ff1e8823000-7ff1e8826000 ---p 00000000 00:00 0 
7ff1e8826000-7ff1e8924000 rw-p 00000000 00:00 0 
7ff1e8924000-7ff1e8bfc000 r--p 00000000 08:01 11275232                   /usr/lib/locale/locale-archive
7ff1e8bfc000-7ff1e8bff000 ---p 00000000 00:00 0 
7ff1e8bff000-7ff1e8cfd000 rw-p 00000000 00:00 0 
7ff1e8cfd000-7ff1e8d00000 ---p 00000000 00:00 0 
7ff1e8d00000-7ff1e8dfe000 rw-p 00000000 00:00 0 
7ff1e8dfe000-7ff1e8dff000 ---p 00000000 00:00 0 
7ff1e8dff000-7ff1e9000000 rw-p 00000000 00:00 0 
7ff1e9000000-7ff1ead70000 rwxp 00000000 00:00 0 
7ff1ead70000-7ff1f8000000 ---p 00000000 00:00 0 
7ff1f8000000-7ff1f8d2f000 rw-p 00000000 00:00 0 
7ff1f8d2f000-7ff1fc000000 ---p 00000000 00:00 0 
7ff1fc000000-7ff1fc005000 r--s 00048000 08:01 16788241                   /home/l/.gradle/wrapper/dists/gradle-3.3-all/55gk2rcmfc6p2dg9u9ohc3hw9/gradle-3.3/lib/dom4j-1.6.1.jar
7ff1fc005000-7ff1fc008000 r--s 0000b000 08:01 16788238                   /home/l/.gradle/wrapper/dists/gradle-3.3-all/55gk2rcmfc6p2dg9u9ohc3hw9/gradle-3.3/lib/gradle-resources-3.3.jar
7ff1fc008000-7ff1fc00a000 r--s 00003000 08:01 16788247                   /home/l/.gradle/wrapper/dists/gradle-3.3-all/55gk2rcmfc6p2dg9u9ohc3hw9/gradle-3.3/lib/jcl-over-slf4j-1.7.10.jar
7ff1fc00a000-7ff1fc00b000 r--s 00005000 08:01 16788246                   /home/l/.gradle/wrapper/dists/gradle-3.3-all/55gk2rcmfc6p2dg9u9ohc3hw9/gradle-3.3/lib/log4j-over-slf4j-1.7.10.jar
7ff1fc00b000-7ff1fc00d000 r--s 00000000 08:01 16788245                   /home/l/.gradle/wrapper/dists/gradle-3.3-all/55gk2rcmfc6p2dg9u9ohc3hw9/gradle-3.3/lib/jul-to-slf4j-1.7.10.jar
7ff1fc00d000-7ff1fc012000 r--s 0001e000 08:01 16788222                   /home/l/.gradle/wrapper/dists/gradle-3.3-all/55gk2rcmfc6p2dg9u9ohc3hw9/gradle-3.3/lib/gradle-logging-3.3.jar
7ff1fc012000-7ff1fc014000 r--s 00007000 08:01 16788266                   /home/l/.gradle/wrapper/dists/gradle-3.3-all/55gk2rcmfc6p2dg9u9ohc3hw9/gradle-3.3/lib/objenesis-1.2.jar
7ff1fc014000-7ff1fc016000 r--s 00000000 08:01 16788265                   /home/l/.gradle/wrapper/dists/gradle-3.3-all/55gk2rcmfc6p2dg9u9ohc3hw9/gradle-3.3/lib/minlog-1.2.jar
7ff1fc016000-7ff1fc018000 r--s 0000f000 08:01 16788264                   /home/l/.gradle/wrapper/dists/gradle-3.3-all/55gk2rcmfc6p2dg9u9ohc3hw9/gradle-3.3/lib/reflectasm-1.07-shaded.jar
7ff1fc018000-7ff1fc01c000 r--s 00026000 08:01 16788249                   /home/l/.gradle/wrapper/dists/gradle-3.3-all/55gk2rcmfc6p2dg9u9ohc3hw9/gradle-3.3/lib/kryo-2.20.jar
7ff1fc01c000-7ff1fc022000 r--s 00027000 08:01 16788237                   /home/l/.gradle/wrapper/dists/gradle-3.3-all/55gk2rcmfc6p2dg9u9ohc3hw9/gradle-3.3/lib/gradle-messaging-3.3.jar
7ff1fc022000-7ff1fc023000 r--s 00001000 08:01 16788263                   /home/l/.gradle/wrapper/dists/gradle-3.3-all/55gk2rcmfc6p2dg9u9ohc3hw9/gradle-3.3/lib/native-platform-linux-i386-ncurses6-0.12.jar
7ff1fc023000-7ff1fc024000 r--s 00001000 08:01 16788262                   /home/l/.gradle/wrapper/dists/gradle-3.3-all/55gk2rcmfc6p2dg9u9ohc3hw9/gradle-3.3/lib/native-platform-linux-i386-ncurses5-0.12.jar
7ff1fc024000-7ff1fc025000 r--s 00001000 08:01 16788261                   /home/l/.gradle/wrapper/dists/gradle-3.3-all/55gk2rcmfc6p2dg9u9ohc3hw9/gradle-3.3/lib/native-platform-linux-amd64-ncurses6-0.12.jar
7ff1fc025000-7ff1fc026000 r--s 00001000 08:01 16788260                   /home/l/.gradle/wrapper/dists/gradle-3.3-all/55gk2rcmfc6p2dg9u9ohc3hw9/gradle-3.3/lib/native-platform-linux-amd64-ncurses5-0.12.jar
7ff1fc026000-7ff1fc027000 r--s 0000b000 08:01 16788259                   /home/l/.gradle/wrapper/dists/gradle-3.3-all/55gk2rcmfc6p2dg9u9ohc3hw9/gradle-3.3/lib/native-platform-windows-i386-0.12.jar
7ff1fc027000-7ff1fc029000 r--s 0000b000 08:01 16788258                   /home/l/.gradle/wrapper/dists/gradle-3.3-all/55gk2rcmfc6p2dg9u9ohc3hw9/gradle-3.3/lib/native-platform-windows-amd64-0.12.jar
7ff1fc029000-7ff1fc02b000 r--s 00002000 08:01 16788257                   /home/l/.gradle/wrapper/dists/gradle-3.3-all/55gk2rcmfc6p2dg9u9ohc3hw9/gradle-3.3/lib/native-platform-osx-i386-0.12.jar
7ff1fc02b000-7ff1fc02c000 r--s 00002000 08:01 16788256                   /home/l/.gradle/wrapper/dists/gradle-3.3-all/55gk2rcmfc6p2dg9u9ohc3hw9/gradle-3.3/lib/native-platform-osx-amd64-0.12.jar
7ff1fc02c000-7ff1fc02d000 r--s 00002000 08:01 16788255                   /home/l/.gradle/wrapper/dists/gradle-3.3-all/55gk2rcmfc6p2dg9u9ohc3hw9/gradle-3.3/lib/native-platform-linux-i386-0.12.jar
7ff1fc02d000-7ff1fc02e000 r--s 00002000 08:01 16788254                   /home/l/.gradle/wrapper/dists/gradle-3.3-all/55gk2rcmfc6p2dg9u9ohc3hw9/gradle-3.3/lib/native-platform-linux-amd64-0.12.jar
7ff1fc02e000-7ff1fc02f000 r--s 00003000 08:01 16788253                   /home/l/.gradle/wrapper/dists/gradle-3.3-all/55gk2rcmfc6p2dg9u9ohc3hw9/gradle-3.3/lib/native-platform-freebsd-i386-libstdcpp-0.12.jar
7ff1fc02f000-7ff1fc030000 r--s 00004000 08:01 16788252                   /home/l/.gradle/wrapper/dists/gradle-3.3-all/55gk2rcmfc6p2dg9u9ohc3hw9/gradle-3.3/lib/native-platform-freebsd-i386-libcpp-0.12.jar
7ff1fc030000-7ff1fc032000 r--s 00003000 08:01 16788251                   /home/l/.gradle/wrapper/dists/gradle-3.3-all/55gk2rcmfc6p2dg9u9ohc3hw9/gradle-3.3/lib/native-platform-freebsd-amd64-libstdcpp-0.12.jar
7ff1fc032000-7ff1fc033000 r--s 00004000 08:01 16788250                   /home/l/.gradle/wrapper/dists/gradle-3.3-all/55gk2rcmfc6p2dg9u9ohc3hw9/gradle-3.3/lib/native-platform-freebsd-amd64-libcpp-0.12.jar
7ff1fc033000-7ff1fc036000 r--s 00023000 08:01 16788244                   /home/l/.gradle/wrapper/dists/gradle-3.3-all/55gk2rcmfc6p2dg9u9ohc3hw9/gradle-3.3/lib/jansi-1.14.jar
7ff1fc036000-7ff1fc03a000 r--s 00011000 08:01 16788243                   /home/l/.gradle/wrapper/dists/gradle-3.3-all/55gk2rcmfc6p2dg9u9ohc3hw9/gradle-3.3/lib/native-platform-0.12.jar
7ff1fc03a000-7ff1fc03d000 r--s 0000a000 08:01 16788221                   /home/l/.gradle/wrapper/dists/gradle-3.3-all/55gk2rcmfc6p2dg9u9ohc3hw9/gradle-3.3/lib/gradle-native-3.3.jar
7ff1fc03d000-7ff1fc03f000 r--s 00005000 08:01 16788218                   /home/l/.gradle/wrapper/dists/gradle-3.3-all/55gk2rcmfc6p2dg9u9ohc3hw9/gradle-3.3/lib/gradle-cli-3.3.jar
7ff1fc03f000-7ff1fc041000 r--s 00007000 08:01 16788229                   /home/l/.gradle/wrapper/dists/gradle-3.3-all/55gk2rcmfc6p2dg9u9ohc3hw9/gradle-3.3/lib/gradle-model-groovy-3.3.jar
7ff1fc041000-7ff1fc043000 r--s 00006000 08:01 16788236                   /home/l/.gradle/wrapper/dists/gradle-3.3-all/55gk2rcmfc6p2dg9u9ohc3hw9/gradle-3.3/lib/gradle-base-services-groovy-3.3.jar
7ff1fc043000-7ff1fc052000 r--s 0007f000 08:01 16788228                   /home/l/.gradle/wrapper/dists/gradle-3.3-all/55gk2rcmfc6p2dg9u9ohc3hw9/gradle-3.3/lib/gradle-model-core-3.3.jar
7ff1fc052000-7ff1fc053000 r--s 00002000 08:01 16788239                   /home/l/.gradle/wrapper/dists/gradle-3.3-all/55gk2rcmfc6p2dg9u9ohc3hw9/gradle-3.3/lib/gradle-docs-3.3.jar
7ff1fc053000-7ff1fc060000 r--s 00083000 08:01 16788232                   /home/l/.gradle/wrapper/dists/gradle-3.3-all/55gk2rcmfc6p2dg9u9ohc3hw9/gradle-3.3/lib/commons-collections-3.2.2.jar
7ff1fc060000-7ff1fc088000 r--s 001cf000 08:01 16788224                   /home/l/.gradle/wrapper/dists/gradle-3.3-all/55gk2rcmfc6p2dg9u9ohc3hw9/gradle-3.3/lib/guava-jdk5-17.0.jar
7ff1fc088000-7ff1fc0a7000 r--s 001d1000 08:01 16788231                   /home/l/.gradle/wrapper/dists/gradle-3.3-all/55gk2rcmfc6p2dg9u9ohc3hw9/gradle-3.3/lib/ant-1.9.6.jar
7ff1fc0a7000-7ff1fc0e4000 r--s 001f8000 08:01 16788217                   /home/l/.gradle/wrapper/dists/gradle-3.3-all/55gk2rcmfc6p2dg9u9ohc3hw9/gradle-3.3/lib/gradle-core-3.3.jar
7ff1fc0e4000-7ff1fcfc4000 rw-p 00000000 00:00 0 
7ff1fcfc4000-7ff1fd193000 r--s 03c1b000 08:01 16788160                   /home/l/Downloads/android-studio/jre/jre/lib/rt.jar
7ff1fd193000-7ff1fdd09000 rw-p 00000000 00:00 0 
7ff1fdd09000-7ff1fdd0a000 ---p 00000000 00:00 0 
7ff1fdd0a000-7ff1fde0a000 rw-p 00000000 00:00 0 
7ff1fde0a000-7ff1fde0b000 ---p 00000000 00:00 0 
7ff1fde0b000-7ff1fdf0b000 rw-p 00000000 00:00 0 
7ff1fdf0b000-7ff1fdf0c000 ---p 00000000 00:00 0 
7ff1fdf0c000-7ff1fe00c000 rw-p 00000000 00:00 0 
7ff1fe00c000-7ff1fe00d000 ---p 00000000 00:00 0 
7ff1fe00d000-7ff1fe12c000 rw-p 00000000 00:00 0 
7ff1fe12c000-7ff1fe30d000 ---p 00000000 00:00 0 
7ff1fe30d000-7ff1fe32c000 rw-p 00000000 00:00 0 
7ff1fe32c000-7ff1fe50d000 ---p 00000000 00:00 0 
7ff1fe50d000-7ff1fe548000 rw-p 00000000 00:00 0 
7ff1fe548000-7ff1fe60d000 ---p 00000000 00:00 0 
7ff1fe60d000-7ff1fe684000 rw-p 00000000 00:00 0 
7ff1fe684000-7ff1fe9ce000 ---p 00000000 00:00 0 
7ff1fe9ce000-7ff1fe9e8000 r-xp 00000000 08:01 17704449                   /home/l/Downloads/android-studio/jre/jre/lib/amd64/libzip.so
7ff1fe9e8000-7ff1febe8000 ---p 0001a000 08:01 17704449                   /home/l/Downloads/android-studio/jre/jre/lib/amd64/libzip.so
7ff1febe8000-7ff1febe9000 r--p 0001a000 08:01 17704449                   /home/l/Downloads/android-studio/jre/jre/lib/amd64/libzip.so
7ff1febe9000-7ff1febea000 rw-p 0001b000 08:01 17704449                   /home/l/Downloads/android-studio/jre/jre/lib/amd64/libzip.so
7ff1febea000-7ff1febf5000 r-xp 00000000 08:01 23069943                   /lib/x86_64-linux-gnu/libnss_files-2.23.so
7ff1febf5000-7ff1fedf4000 ---p 0000b000 08:01 23069943                   /lib/x86_64-linux-gnu/libnss_files-2.23.so
7ff1fedf4000-7ff1fedf5000 r--p 0000a000 08:01 23069943                   /lib/x86_64-linux-gnu/libnss_files-2.23.so
7ff1fedf5000-7ff1fedf6000 rw-p 0000b000 08:01 23069943                   /lib/x86_64-linux-gnu/libnss_files-2.23.so
7ff1fedf6000-7ff1fedfc000 rw-p 00000000 00:00 0 
7ff1fedfc000-7ff1fee07000 r-xp 00000000 08:01 23069946                   /lib/x86_64-linux-gnu/libnss_nis-2.23.so
7ff1fee07000-7ff1ff006000 ---p 0000b000 08:01 23069946                   /lib/x86_64-linux-gnu/libnss_nis-2.23.so
7ff1ff006000-7ff1ff007000 r--p 0000a000 08:01 23069946                   /lib/x86_64-linux-gnu/libnss_nis-2.23.so
7ff1ff007000-7ff1ff008000 rw-p 0000b000 08:01 23069946                   /lib/x86_64-linux-gnu/libnss_nis-2.23.so
7ff1ff008000-7ff1ff01e000 r-xp 00000000 08:01 23069938                   /lib/x86_64-linux-gnu/libnsl-2.23.so
7ff1ff01e000-7ff1ff21d000 ---p 00016000 08:01 23069938                   /lib/x86_64-linux-gnu/libnsl-2.23.so
7ff1ff21d000-7ff1ff21e000 r--p 00015000 08:01 23069938                   /lib/x86_64-linux-gnu/libnsl-2.23.so
7ff1ff21e000-7ff1ff21f000 rw-p 00016000 08:01 23069938                   /lib/x86_64-linux-gnu/libnsl-2.23.so
7ff1ff21f000-7ff1ff221000 rw-p 00000000 00:00 0 
7ff1ff221000-7ff1ff229000 r-xp 00000000 08:01 23069952                   /lib/x86_64-linux-gnu/libnss_compat-2.23.so
7ff1ff229000-7ff1ff428000 ---p 00008000 08:01 23069952                   /lib/x86_64-linux-gnu/libnss_compat-2.23.so
7ff1ff428000-7ff1ff429000 r--p 00007000 08:01 23069952                   /lib/x86_64-linux-gnu/libnss_compat-2.23.so
7ff1ff429000-7ff1ff42a000 rw-p 00008000 08:01 23069952                   /lib/x86_64-linux-gnu/libnss_compat-2.23.so
7ff1ff42a000-7ff1ff457000 r-xp 00000000 08:01 17704459                   /home/l/Downloads/android-studio/jre/jre/lib/amd64/libjava.so
7ff1ff457000-7ff1ff656000 ---p 0002d000 08:01 17704459                   /home/l/Downloads/android-studio/jre/jre/lib/amd64/libjava.so
7ff1ff656000-7ff1ff657000 r--p 0002c000 08:01 17704459                   /home/l/Downloads/android-studio/jre/jre/lib/amd64/libjava.so
7ff1ff657000-7ff1ff659000 rw-p 0002d000 08:01 17704459                   /home/l/Downloads/android-studio/jre/jre/lib/amd64/libjava.so
7ff1ff659000-7ff1ff669000 r-xp 00000000 08:01 17704475                   /home/l/Downloads/android-studio/jre/jre/lib/amd64/libverify.so
7ff1ff669000-7ff1ff868000 ---p 00010000 08:01 17704475                   /home/l/Downloads/android-studio/jre/jre/lib/amd64/libverify.so
7ff1ff868000-7ff1ff86a000 r--p 0000f000 08:01 17704475                   /home/l/Downloads/android-studio/jre/jre/lib/amd64/libverify.so
7ff1ff86a000-7ff1ff86b000 rw-p 00011000 08:01 17704475                   /home/l/Downloads/android-studio/jre/jre/lib/amd64/libverify.so
7ff1ff86b000-7ff1ff872000 r-xp 00000000 08:01 23069948                   /lib/x86_64-linux-gnu/librt-2.23.so
7ff1ff872000-7ff1ffa71000 ---p 00007000 08:01 23069948                   /lib/x86_64-linux-gnu/librt-2.23.so
7ff1ffa71000-7ff1ffa72000 r--p 00006000 08:01 23069948                   /lib/x86_64-linux-gnu/librt-2.23.so
7ff1ffa72000-7ff1ffa73000 rw-p 00007000 08:01 23069948                   /lib/x86_64-linux-gnu/librt-2.23.so
7ff1ffa73000-7ff1ffb7b000 r-xp 00000000 08:01 23069957                   /lib/x86_64-linux-gnu/libm-2.23.so
7ff1ffb7b000-7ff1ffd7a000 ---p 00108000 08:01 23069957                   /lib/x86_64-linux-gnu/libm-2.23.so
7ff1ffd7a000-7ff1ffd7b000 r--p 00107000 08:01 23069957                   /lib/x86_64-linux-gnu/libm-2.23.so
7ff1ffd7b000-7ff1ffd7c000 rw-p 00108000 08:01 23069957                   /lib/x86_64-linux-gnu/libm-2.23.so
7ff1ffd7c000-7ff20096d000 r-xp 00000000 08:01 17960133                   /home/l/Downloads/android-studio/jre/jre/lib/amd64/server/libjvm.so
7ff20096d000-7ff200b6d000 ---p 00bf1000 08:01 17960133                   /home/l/Downloads/android-studio/jre/jre/lib/amd64/server/libjvm.so
7ff200b6d000-7ff200c0c000 r--p 00bf1000 08:01 17960133                   /home/l/Downloads/android-studio/jre/jre/lib/amd64/server/libjvm.so
7ff200c0c000-7ff200c35000 rw-p 00c90000 08:01 17960133                   /home/l/Downloads/android-studio/jre/jre/lib/amd64/server/libjvm.so
7ff200c35000-7ff200c79000 rw-p 00000000 00:00 0 
7ff200c79000-7ff200c91000 r-xp 00000000 08:01 23069945                   /lib/x86_64-linux-gnu/libpthread-2.23.so
7ff200c91000-7ff200e90000 ---p 00018000 08:01 23069945                   /lib/x86_64-linux-gnu/libpthread-2.23.so
7ff200e90000-7ff200e91000 r--p 00017000 08:01 23069945                   /lib/x86_64-linux-gnu/libpthread-2.23.so
7ff200e91000-7ff200e92000 rw-p 00018000 08:01 23069945                   /lib/x86_64-linux-gnu/libpthread-2.23.so
7ff200e92000-7ff200e96000 rw-p 00000000 00:00 0 
7ff200e96000-7ff200e99000 r-xp 00000000 08:01 23069951                   /lib/x86_64-linux-gnu/libdl-2.23.so
7ff200e99000-7ff201098000 ---p 00003000 08:01 23069951                   /lib/x86_64-linux-gnu/libdl-2.23.so
7ff201098000-7ff201099000 r--p 00002000 08:01 23069951                   /lib/x86_64-linux-gnu/libdl-2.23.so
7ff201099000-7ff20109a000 rw-p 00003000 08:01 23069951                   /lib/x86_64-linux-gnu/libdl-2.23.so
7ff20109a000-7ff20125a000 r-xp 00000000 08:01 23069962                   /lib/x86_64-linux-gnu/libc-2.23.so
7ff20125a000-7ff20145a000 ---p 001c0000 08:01 23069962                   /lib/x86_64-linux-gnu/libc-2.23.so
7ff20145a000-7ff20145e000 r--p 001c0000 08:01 23069962                   /lib/x86_64-linux-gnu/libc-2.23.so
7ff20145e000-7ff201460000 rw-p 001c4000 08:01 23069962                   /lib/x86_64-linux-gnu/libc-2.23.so
7ff201460000-7ff201464000 rw-p 00000000 00:00 0 
7ff201464000-7ff20147a000 r-xp 00000000 08:01 16009691                   /home/l/Downloads/android-studio/jre/lib/amd64/jli/libjli.so
7ff20147a000-7ff201679000 ---p 00016000 08:01 16009691                   /home/l/Downloads/android-studio/jre/lib/amd64/jli/libjli.so
7ff201679000-7ff20167a000 r--p 00015000 08:01 16009691                   /home/l/Downloads/android-studio/jre/lib/amd64/jli/libjli.so
7ff20167a000-7ff20167b000 rw-p 00016000 08:01 16009691                   /home/l/Downloads/android-studio/jre/lib/amd64/jli/libjli.so
7ff20167b000-7ff2016a1000 r-xp 00000000 08:01 23069940                   /lib/x86_64-linux-gnu/ld-2.23.so
7ff2016a1000-7ff2016a2000 r--s 00000000 08:01 16788235                   /home/l/.gradle/wrapper/dists/gradle-3.3-all/55gk2rcmfc6p2dg9u9ohc3hw9/gradle-3.3/lib/javax.inject-1.jar
7ff2016a2000-7ff2016a3000 r--s 00000000 08:01 16788234                   /home/l/.gradle/wrapper/dists/gradle-3.3-all/55gk2rcmfc6p2dg9u9ohc3hw9/gradle-3.3/lib/jcip-annotations-1.0.jar
7ff2016a3000-7ff2016a7000 r--s 00027000 08:01 16788233                   /home/l/.gradle/wrapper/dists/gradle-3.3-all/55gk2rcmfc6p2dg9u9ohc3hw9/gradle-3.3/lib/commons-io-2.2.jar
7ff2016a7000-7ff2016ac000 r--s 00038000 08:01 16788230                   /home/l/.gradle/wrapper/dists/gradle-3.3-all/55gk2rcmfc6p2dg9u9ohc3hw9/gradle-3.3/lib/asm-all-5.1.jar
7ff2016ac000-7ff2016ae000 r--s 00000000 08:01 16788216                   /home/l/.gradle/wrapper/dists/gradle-3.3-all/55gk2rcmfc6p2dg9u9ohc3hw9/gradle-3.3/lib/gradle-jvm-services-3.3.jar
7ff2016ae000-7ff2016b3000 r--s 00041000 08:01 16788225                   /home/l/.gradle/wrapper/dists/gradle-3.3-all/55gk2rcmfc6p2dg9u9ohc3hw9/gradle-3.3/lib/commons-lang-2.6.jar
7ff2016b3000-7ff2016bc000 r--s 00042000 08:01 16788215                   /home/l/.gradle/wrapper/dists/gradle-3.3-all/55gk2rcmfc6p2dg9u9ohc3hw9/gradle-3.3/lib/gradle-base-services-3.3.jar
7ff2016bc000-7ff20177e000 rw-p 00000000 00:00 0 
7ff20177e000-7ff201781000 ---p 00000000 00:00 0 
7ff201781000-7ff201883000 rw-p 00000000 00:00 0 
7ff201883000-7ff201884000 r--s 00001000 08:01 16788226                   /home/l/.gradle/wrapper/dists/gradle-3.3-all/55gk2rcmfc6p2dg9u9ohc3hw9/gradle-3.3/lib/gradle-process-services-3.3.jar
7ff201884000-7ff201885000 r--s 00000000 08:01 16788381                   /home/l/.gradle/wrapper/dists/gradle-3.3-all/55gk2rcmfc6p2dg9u9ohc3hw9/gradle-3.3/lib/gradle-version-info-3.3.jar
7ff201885000-7ff201886000 r--s 00007000 08:01 16788223                   /home/l/.gradle/wrapper/dists/gradle-3.3-all/55gk2rcmfc6p2dg9u9ohc3hw9/gradle-3.3/lib/slf4j-api-1.7.10.jar
7ff201886000-7ff201887000 r--s 00004000 08:01 16788248                   /home/l/.gradle/wrapper/dists/gradle-3.3-all/55gk2rcmfc6p2dg9u9ohc3hw9/gradle-3.3/lib/ant-launcher-1.9.6.jar
7ff201887000-7ff201894000 r--s 0005c000 08:01 16788212                   /home/l/.gradle/wrapper/dists/gradle-3.3-all/55gk2rcmfc6p2dg9u9ohc3hw9/gradle-3.3/lib/gradle-launcher-3.3.jar
7ff201894000-7ff20189c000 rw-s 00000000 08:01 9706192                    /tmp/hsperfdata_l/2651
7ff20189c000-7ff20189d000 rw-p 00000000 00:00 0 
7ff20189d000-7ff20189e000 ---p 00000000 00:00 0 
7ff20189e000-7ff2018a0000 rw-p 00000000 00:00 0 
7ff2018a0000-7ff2018a1000 r--p 00025000 08:01 23069940                   /lib/x86_64-linux-gnu/ld-2.23.so
7ff2018a1000-7ff2018a2000 rw-p 00026000 08:01 23069940                   /lib/x86_64-linux-gnu/ld-2.23.so
7ff2018a2000-7ff2018a3000 rw-p 00000000 00:00 0 
7ffcfa52d000-7ffcfa54e000 rw-p 00000000 00:00 0                          [stack]
7ffcfa5c1000-7ffcfa5c3000 r--p 00000000 00:00 0                          [vvar]
7ffcfa5c3000-7ffcfa5c5000 r-xp 00000000 00:00 0                          [vdso]
ffffffffff600000-ffffffffff601000 r-xp 00000000 00:00 0                  [vsyscall]

VM Arguments:
jvm_args: -Xmx1536m -Dfile.encoding=UTF-8 -Duser.country=US -Duser.language=en -Duser.variant 
java_command: org.gradle.launcher.daemon.bootstrap.GradleDaemon 3.3
java_class_path (initial): /home/l/.gradle/wrapper/dists/gradle-3.3-all/55gk2rcmfc6p2dg9u9ohc3hw9/gradle-3.3/lib/gradle-launcher-3.3.jar
Launcher Type: SUN_STANDARD

Environment Variables:
JAVA_HOME=/usr/local/java/jdk1.8.0_131
JRE_HOME=/usr/local/java/jdk1.8.0_131/jre
PATH=/usr/local/sbin:/usr/local/bin:/usr/sbin:/usr/bin:/sbin:/bin:/usr/games:/usr/local/games:/snap/bin:/usr/local/java/jdk1.8.0_131/bin:/usr/local/java/jdk1.8.0_131/jre/bin
LD_LIBRARY_PATH=.:
SHELL=/bin/bash
DISPLAY=:0

Signal Handlers:
SIGSEGV: [libjvm.so+0x9e5150], sa_mask[0]=11111111011111111101111111111110, sa_flags=SA_RESTART|SA_SIGINFO
SIGBUS: [libjvm.so+0x9e5150], sa_mask[0]=11111111011111111101111111111110, sa_flags=SA_RESTART|SA_SIGINFO
SIGFPE: [libjvm.so+0x848450], sa_mask[0]=11111111011111111101111111111110, sa_flags=SA_RESTART|SA_SIGINFO
SIGPIPE: [libjvm.so+0x848450], sa_mask[0]=11111111011111111101111111111110, sa_flags=SA_RESTART|SA_SIGINFO
SIGXFSZ: [libjvm.so+0x848450], sa_mask[0]=11111111011111111101111111111110, sa_flags=SA_RESTART|SA_SIGINFO
SIGILL: [libjvm.so+0x848450], sa_mask[0]=11111111011111111101111111111110, sa_flags=SA_RESTART|SA_SIGINFO
SIGUSR1: SIG_DFL, sa_mask[0]=00000000000000000000000000000000, sa_flags=none
SIGUSR2: [libjvm.so+0x848320], sa_mask[0]=00100000000000000000000000000000, sa_flags=SA_RESTART|SA_SIGINFO
SIGHUP: [libjvm.so+0x848510], sa_mask[0]=11111111011111111101111111111110, sa_flags=SA_RESTART|SA_SIGINFO
SIGINT: [libjvm.so+0x848510], sa_mask[0]=11111111011111111101111111111110, sa_flags=SA_RESTART|SA_SIGINFO
SIGTERM: [libjvm.so+0x848510], sa_mask[0]=11111111011111111101111111111110, sa_flags=SA_RESTART|SA_SIGINFO
SIGQUIT: [libjvm.so+0x848510], sa_mask[0]=11111111011111111101111111111110, sa_flags=SA_RESTART|SA_SIGINFO


---------------  S Y S T E M  ---------------

OS:DISTRIB_ID=Ubuntu
DISTRIB_RELEASE=16.04
DISTRIB_CODENAME=xenial
DISTRIB_DESCRIPTION="Ubuntu 16.04 LTS"

uname:                                                                                                                                                                                                                                                                                                                                                                                              